<?xml version="1.0" encoding="UTF-8" ?>
<testsuite errors="0" failures="0" hostname="Alex-PC" name="deadgiveaway.MessageIntegrationTest" skipped="0" tests="4" time="0.08" timestamp="2016-03-07T12:31:07">
  <properties>
[...]
</properties>
  <testcase classname="deadgiveaway.MessageIntegrationTest" name="testClone" time="0.027" />
  <testcase classname="deadgiveaway.MessageIntegrationTest" name="testToString" time="0.0" />
  <testcase classname="deadgiveaway.MessageIntegrationTest" name="testEquals" time="0.0" />
  <testcase classname="deadgiveaway.MessageIntegrationTest" name="testConstructor" time="0.004" />
  <system-out><![CDATA[]]></system-out>
  <system-err><![CDATA[]]></system-err>
</testsuite>
