<?xml version="1.0" encoding="UTF-8" standalone="yes"?><!DOCTYPE report PUBLIC "-//JACOCO//DTD Report 1.0//EN" "report.dtd"><report name="JaCoCoverage analysis (powered by JaCoCo from EclEmma)"><sessioninfo id="Alex-PC-2ce55aaf" start="1457353867490" dump="1457353867810"/><sessioninfo id="Alex-PC-1eddad34" start="1457353867987" dump="1457353868788"/><sessioninfo id="Alex-PC-ed369294" start="1457353868962" dump="1457353869580"/><sessioninfo id="Alex-PC-3ec67e3" start="1457353869769" dump="1457353870042"/><sessioninfo id="Alex-PC-b19649d6" start="1457353870219" dump="1457353870500"/><sessioninfo id="Alex-PC-74ef11f3" start="1457353870674" dump="1457353871108"/><sessioninfo id="Alex-PC-4772256b" start="1457353871286" dump="1457353871571"/><sessioninfo id="Alex-PC-df56cf6f" start="1457353871742" dump="1457353872034"/><sessioninfo id="Alex-PC-de433191" start="1457353872204" dump="1457353873340"/><sessioninfo id="Alex-PC-51f582ef" start="1457353873517" dump="1457353874104"/><sessioninfo id="Alex-PC-6a4f5796" start="1457353874275" dump="1457353874592"/><sessioninfo id="Alex-PC-a3c46c17" start="1457353874767" dump="1457353875306"/><sessioninfo id="Alex-PC-f7899fb4" start="1457353875491" dump="1457353876865"/><package name="deadgiveaway/server"><class name="deadgiveaway/server/RobotPlayer$1"><method name="&lt;clinit&gt;" desc="()V" line="154"><counter type="INSTRUCTION" missed="17" covered="107"/><counter type="LINE" missed="0" covered="1"/><counter type="COMPLEXITY" missed="0" covered="1"/><counter type="METHOD" missed="0" covered="1"/></method><counter type="INSTRUCTION" missed="17" covered="107"/><counter type="LINE" missed="0" covered="1"/><counter type="COMPLEXITY" missed="0" covered="1"/><counter type="METHOD" missed="0" covered="1"/><counter type="CLASS" missed="0" covered="1"/></class><class name="deadgiveaway/server/ClueServer$1"><method name="&lt;clinit&gt;" desc="()V" line="1070"><counter type="INSTRUCTION" missed="13" covered="87"/><counter type="LINE" missed="0" covered="2"/><counter type="COMPLEXITY" missed="0" covered="1"/><counter type="METHOD" missed="0" covered="1"/></method><counter type="INSTRUCTION" missed="13" covered="87"/><counter type="LINE" missed="0" covered="2"/><counter type="COMPLEXITY" missed="0" covered="1"/><counter type="METHOD" missed="0" covered="1"/><counter type="CLASS" missed="0" covered="1"/></class><class name="deadgiveaway/server/ClueServer"><method name="&lt;init&gt;" desc="(ILjava/lang/Integer;Ldeadgiveaway/server/ClueServerHelper;)V" line="38"><counter type="INSTRUCTION" missed="5" covered="113"/><counter type="BRANCH" missed="1" covered="1"/><counter type="LINE" missed="1" covered="18"/><counter type="COMPLEXITY" missed="1" covered="1"/><counter type="METHOD" missed="0" covered="1"/></method><method name="start" desc="(Z)V" line="164"><counter type="INSTRUCTION" missed="8" covered="70"/><counter type="BRANCH" missed="2" covered="4"/><counter type="LINE" missed="3" covered="13"/><counter type="COMPLEXITY" missed="2" covered="2"/><counter type="METHOD" missed="0" covered="1"/></method><method name="clientConnected" desc="(Locsf/server/ConnectionToClient;)V" line="220"><counter type="INSTRUCTION" missed="17" covered="20"/><counter type="BRANCH" missed="2" covered="4"/><counter type="LINE" missed="5" covered="6"/><counter type="COMPLEXITY" missed="2" covered="2"/><counter type="METHOD" missed="0" covered="1"/></method><method name="clientDisconnected" desc="(Locsf/server/ConnectionToClient;)V" line="262"><counter type="INSTRUCTION" missed="3" covered="84"/><counter type="BRANCH" missed="4" covered="14"/><counter type="LINE" missed="1" covered="15"/><counter type="COMPLEXITY" missed="4" covered="6"/><counter type="METHOD" missed="0" covered="1"/></method><method name="handleMessageFromClient" desc="(Ljava/lang/Object;Locsf/server/ConnectionToClient;)V" line="327"><counter type="INSTRUCTION" missed="32" covered="81"/><counter type="BRANCH" missed="6" covered="10"/><counter type="LINE" missed="5" covered="13"/><counter type="COMPLEXITY" missed="4" covered="5"/><counter type="METHOD" missed="0" covered="1"/></method><method name="getPlayers" desc="()Ljava/util/ArrayList;" line="400"><counter type="INSTRUCTION" missed="0" covered="7"/><counter type="LINE" missed="0" covered="3"/><counter type="COMPLEXITY" missed="0" covered="1"/><counter type="METHOD" missed="0" covered="1"/></method><method name="getSolution" desc="()Ljava/util/ArrayList;" line="416"><counter type="INSTRUCTION" missed="0" covered="4"/><counter type="LINE" missed="0" covered="1"/><counter type="COMPLEXITY" missed="0" covered="1"/><counter type="METHOD" missed="0" covered="1"/></method><method name="getDeck" desc="()Ljava/util/ArrayList;" line="427"><counter type="INSTRUCTION" missed="0" covered="4"/><counter type="LINE" missed="0" covered="1"/><counter type="COMPLEXITY" missed="0" covered="1"/><counter type="METHOD" missed="0" covered="1"/></method><method name="getTurn" desc="()I" line="438"><counter type="INSTRUCTION" missed="0" covered="3"/><counter type="LINE" missed="0" covered="1"/><counter type="COMPLEXITY" missed="0" covered="1"/><counter type="METHOD" missed="0" covered="1"/></method><method name="isStarted" desc="()Z" line="449"><counter type="INSTRUCTION" missed="0" covered="3"/><counter type="LINE" missed="0" covered="1"/><counter type="COMPLEXITY" missed="0" covered="1"/><counter type="METHOD" missed="0" covered="1"/></method><method name="sendToAllClients" desc="(Ljava/lang/Object;)V" line="462"><counter type="INSTRUCTION" missed="10" covered="28"/><counter type="BRANCH" missed="0" covered="4"/><counter type="LINE" missed="5" covered="7"/><counter type="COMPLEXITY" missed="0" covered="3"/><counter type="METHOD" missed="0" covered="1"/></method><method name="sendToPlayer" desc="(Ldeadgiveaway/server/Player;Ldeadgiveaway/Message;)V" line="502"><counter type="INSTRUCTION" missed="4" covered="16"/><counter type="BRANCH" missed="1" covered="3"/><counter type="LINE" missed="2" covered="6"/><counter type="COMPLEXITY" missed="1" covered="2"/><counter type="METHOD" missed="0" covered="1"/></method><method name="sendToAllExceptPlayer" desc="(Ldeadgiveaway/server/Player;Ldeadgiveaway/Message;)V" line="531"><counter type="INSTRUCTION" missed="0" covered="22"/><counter type="BRANCH" missed="0" covered="4"/><counter type="LINE" missed="0" covered="5"/><counter type="COMPLEXITY" missed="0" covered="3"/><counter type="METHOD" missed="0" covered="1"/></method><method name="closeServer" desc="()V" line="553"><counter type="INSTRUCTION" missed="15" covered="0"/><counter type="LINE" missed="8" covered="0"/><counter type="COMPLEXITY" missed="1" covered="0"/><counter type="METHOD" missed="1" covered="0"/></method><method name="gameOver" desc="()V" line="575"><counter type="INSTRUCTION" missed="25" covered="0"/><counter type="LINE" missed="5" covered="0"/><counter type="COMPLEXITY" missed="1" covered="0"/><counter type="METHOD" missed="1" covered="0"/></method><method name="deepCopyPlayers" desc="()V" line="593"><counter type="INSTRUCTION" missed="0" covered="6"/><counter type="LINE" missed="0" covered="2"/><counter type="COMPLEXITY" missed="0" covered="1"/><counter type="METHOD" missed="0" covered="1"/></method><method name="reshuffleDeck" desc="()V" line="603"><counter type="INSTRUCTION" missed="4" covered="0"/><counter type="LINE" missed="2" covered="0"/><counter type="COMPLEXITY" missed="1" covered="0"/><counter type="METHOD" missed="1" covered="0"/></method><method name="clientDisconnectedGameStarted" desc="(Ldeadgiveaway/server/Player;)V" line="613"><counter type="INSTRUCTION" missed="6" covered="35"/><counter type="BRANCH" missed="3" covered="3"/><counter type="LINE" missed="2" covered="7"/><counter type="COMPLEXITY" missed="3" covered="1"/><counter type="METHOD" missed="0" covered="1"/></method><method name="clientDisconnectedLobbyStarted" desc="(Locsf/server/ConnectionToClient;Ldeadgiveaway/server/Player;)V" line="642"><counter type="INSTRUCTION" missed="0" covered="123"/><counter type="BRANCH" missed="3" covered="15"/><counter type="LINE" missed="0" covered="20"/><counter type="COMPLEXITY" missed="3" covered="7"/><counter type="METHOD" missed="0" covered="1"/></method><method name="clientConnectedAddPlayer" desc="(Locsf/server/ConnectionToClient;I)V" line="710"><counter type="INSTRUCTION" missed="9" covered="111"/><counter type="BRANCH" missed="0" covered="4"/><counter type="LINE" missed="4" covered="18"/><counter type="COMPLEXITY" missed="0" covered="3"/><counter type="METHOD" missed="0" covered="1"/></method><method name="startSendMessages" desc="()V" line="787"><counter type="INSTRUCTION" missed="4" covered="78"/><counter type="BRANCH" missed="0" covered="6"/><counter type="LINE" missed="2" covered="14"/><counter type="COMPLEXITY" missed="0" covered="4"/><counter type="METHOD" missed="0" covered="1"/></method><method name="removePlayerFromWaitingOn" desc="(Ldeadgiveaway/server/Player;Ldeadgiveaway/server/RobotPlayer;)V" line="836"><counter type="INSTRUCTION" missed="61" covered="80"/><counter type="BRANCH" missed="10" covered="8"/><counter type="LINE" missed="9" covered="13"/><counter type="COMPLEXITY" missed="7" covered="3"/><counter type="METHOD" missed="0" covered="1"/></method><method name="getPlayerFromConnection" desc="(Locsf/server/ConnectionToClient;)Ldeadgiveaway/server/Player;" line="906"><counter type="INSTRUCTION" missed="0" covered="35"/><counter type="BRANCH" missed="1" covered="7"/><counter type="LINE" missed="0" covered="6"/><counter type="COMPLEXITY" missed="1" covered="4"/><counter type="METHOD" missed="0" covered="1"/></method><method name="doneWaitingOnResponses" desc="()V" line="934"><counter type="INSTRUCTION" missed="7" covered="10"/><counter type="BRANCH" missed="1" covered="1"/><counter type="LINE" missed="2" covered="4"/><counter type="COMPLEXITY" missed="1" covered="1"/><counter type="METHOD" missed="0" covered="1"/></method><method name="sendResumeTurnMessage" desc="()V" line="951"><counter type="INSTRUCTION" missed="39" covered="35"/><counter type="BRANCH" missed="3" covered="1"/><counter type="LINE" missed="3" covered="3"/><counter type="COMPLEXITY" missed="2" covered="1"/><counter type="METHOD" missed="0" covered="1"/></method><method name="nextTurn" desc="()V" line="994"><counter type="INSTRUCTION" missed="7" covered="80"/><counter type="BRANCH" missed="3" covered="3"/><counter type="LINE" missed="2" covered="12"/><counter type="COMPLEXITY" missed="3" covered="1"/><counter type="METHOD" missed="0" covered="1"/></method><method name="tellRobotToEndTurn" desc="(Ldeadgiveaway/server/RobotPlayer;)V" line="1044"><counter type="INSTRUCTION" missed="0" covered="18"/><counter type="LINE" missed="0" covered="2"/><counter type="COMPLEXITY" missed="0" covered="1"/><counter type="METHOD" missed="0" covered="1"/></method><method name="handleMessageMoveSwitch" desc="(Ldeadgiveaway/Message;Locsf/server/ConnectionToClient;)V" line="1064"><counter type="INSTRUCTION" missed="5" covered="51"/><counter type="BRANCH" missed="2" covered="8"/><counter type="LINE" missed="3" covered="15"/><counter type="COMPLEXITY" missed="2" covered="7"/><counter type="METHOD" missed="0" covered="1"/></method><method name="handleMessageTypeSwitch" desc="(Ldeadgiveaway/Message;)V" line="1123"><counter type="INSTRUCTION" missed="11" covered="66"/><counter type="BRANCH" missed="1" covered="6"/><counter type="LINE" missed="1" covered="23"/><counter type="COMPLEXITY" missed="1" covered="6"/><counter type="METHOD" missed="0" covered="1"/></method><method name="handleGameStarted" desc="(Ldeadgiveaway/Message;)V" line="1179"><counter type="INSTRUCTION" missed="10" covered="0"/><counter type="LINE" missed="5" covered="0"/><counter type="COMPLEXITY" missed="1" covered="0"/><counter type="METHOD" missed="1" covered="0"/></method><method name="handlePlayerAdded" desc="(Ldeadgiveaway/Message;Locsf/server/ConnectionToClient;)V" line="1198"><counter type="INSTRUCTION" missed="6" covered="140"/><counter type="BRANCH" missed="0" covered="10"/><counter type="LINE" missed="3" covered="21"/><counter type="COMPLEXITY" missed="0" covered="6"/><counter type="METHOD" missed="0" covered="1"/></method><method name="handlePlayerMoved" desc="(Ldeadgiveaway/Message;)V" line="1270"><counter type="INSTRUCTION" missed="7" covered="38"/><counter type="BRANCH" missed="1" covered="1"/><counter type="LINE" missed="1" covered="6"/><counter type="COMPLEXITY" missed="1" covered="1"/><counter type="METHOD" missed="0" covered="1"/></method><method name="handleAccusation" desc="(Ldeadgiveaway/Message;)V" line="1302"><counter type="INSTRUCTION" missed="34" covered="98"/><counter type="BRANCH" missed="8" covered="4"/><counter type="LINE" missed="4" covered="15"/><counter type="COMPLEXITY" missed="6" covered="1"/><counter type="METHOD" missed="0" covered="1"/></method><method name="handleCorrectAccusation" desc="(Ldeadgiveaway/Message;)V" line="1373"><counter type="INSTRUCTION" missed="55" covered="0"/><counter type="LINE" missed="11" covered="0"/><counter type="COMPLEXITY" missed="1" covered="0"/><counter type="METHOD" missed="1" covered="0"/></method><method name="handleAllSnoopLeft" desc="(Ldeadgiveaway/Message;)V" line="1419"><counter type="INSTRUCTION" missed="0" covered="127"/><counter type="BRANCH" missed="0" covered="8"/><counter type="LINE" missed="0" covered="19"/><counter type="COMPLEXITY" missed="0" covered="5"/><counter type="METHOD" missed="0" covered="1"/></method><method name="handleAllSnoopRight" desc="(Ldeadgiveaway/Message;)V" line="1492"><counter type="INSTRUCTION" missed="0" covered="128"/><counter type="BRANCH" missed="0" covered="8"/><counter type="LINE" missed="0" covered="19"/><counter type="COMPLEXITY" missed="0" covered="5"/><counter type="METHOD" missed="0" covered="1"/></method><method name="handleSnoop" desc="(Ldeadgiveaway/Message;)V" line="1566"><counter type="INSTRUCTION" missed="0" covered="95"/><counter type="BRANCH" missed="0" covered="4"/><counter type="LINE" missed="0" covered="15"/><counter type="COMPLEXITY" missed="0" covered="3"/><counter type="METHOD" missed="0" covered="1"/></method><method name="handleSuperSleuth" desc="(Ldeadgiveaway/Message;)V" line="1624"><counter type="INSTRUCTION" missed="16" covered="86"/><counter type="BRANCH" missed="3" covered="7"/><counter type="LINE" missed="2" covered="18"/><counter type="COMPLEXITY" missed="2" covered="4"/><counter type="METHOD" missed="0" covered="1"/></method><method name="handleSuperSleuthSendMessages" desc="(Ldeadgiveaway/server/Player;Ldeadgiveaway/Card;[Ldeadgiveaway/Card;)V" line="1689"><counter type="INSTRUCTION" missed="27" covered="50"/><counter type="BRANCH" missed="1" covered="7"/><counter type="LINE" missed="3" covered="9"/><counter type="COMPLEXITY" missed="1" covered="4"/><counter type="METHOD" missed="0" covered="1"/></method><method name="handleSuperSleuthResponse" desc="(Ldeadgiveaway/Message;)V" line="1730"><counter type="INSTRUCTION" missed="12" covered="113"/><counter type="BRANCH" missed="3" covered="5"/><counter type="LINE" missed="1" covered="14"/><counter type="COMPLEXITY" missed="3" covered="2"/><counter type="METHOD" missed="0" covered="1"/></method><method name="handlePrivateTip" desc="(Ldeadgiveaway/Message;)V" line="1797"><counter type="INSTRUCTION" missed="42" covered="93"/><counter type="BRANCH" missed="8" covered="6"/><counter type="LINE" missed="8" covered="18"/><counter type="COMPLEXITY" missed="5" covered="3"/><counter type="METHOD" missed="0" covered="1"/></method><method name="handleSuggestion" desc="(Ldeadgiveaway/Message;)V" line="1886"><counter type="INSTRUCTION" missed="14" covered="38"/><counter type="BRANCH" missed="1" covered="1"/><counter type="LINE" missed="1" covered="7"/><counter type="COMPLEXITY" missed="1" covered="1"/><counter type="METHOD" missed="0" covered="1"/></method><method name="handleSuggestionBody" desc="(Ldeadgiveaway/Message;Ldeadgiveaway/server/Player;)V" line="1909"><counter type="INSTRUCTION" missed="27" covered="111"/><counter type="BRANCH" missed="1" covered="9"/><counter type="LINE" missed="3" covered="21"/><counter type="COMPLEXITY" missed="1" covered="5"/><counter type="METHOD" missed="0" covered="1"/></method><method name="handleSuggestionResponse" desc="(Ldeadgiveaway/Message;)V" line="1981"><counter type="INSTRUCTION" missed="7" covered="33"/><counter type="BRANCH" missed="1" covered="1"/><counter type="LINE" missed="1" covered="7"/><counter type="COMPLEXITY" missed="1" covered="1"/><counter type="METHOD" missed="0" covered="1"/></method><counter type="INSTRUCTION" missed="529" covered="2333"/><counter type="BRANCH" missed="70" covered="177"/><counter type="LINE" missed="108" covered="418"/><counter type="COMPLEXITY" missed="63" covered="110"/><counter type="METHOD" missed="5" covered="39"/><counter type="CLASS" missed="0" covered="1"/></class><class name="deadgiveaway/server/RobotPlayer$Difficulty"><method name="values" desc="()[Ldeadgiveaway/server/RobotPlayer$Difficulty;" line="42"><counter type="INSTRUCTION" missed="4" covered="0"/><counter type="LINE" missed="1" covered="0"/><counter type="COMPLEXITY" missed="1" covered="0"/><counter type="METHOD" missed="1" covered="0"/></method><method name="valueOf" desc="(Ljava/lang/String;)Ldeadgiveaway/server/RobotPlayer$Difficulty;" line="42"><counter type="INSTRUCTION" missed="5" covered="0"/><counter type="LINE" missed="1" covered="0"/><counter type="COMPLEXITY" missed="1" covered="0"/><counter type="METHOD" missed="1" covered="0"/></method><method name="&lt;init&gt;" desc="(Ljava/lang/String;I)V" line="42"><counter type="INSTRUCTION" missed="0" covered="5"/><counter type="LINE" missed="0" covered="1"/><counter type="COMPLEXITY" missed="0" covered="1"/><counter type="METHOD" missed="0" covered="1"/></method><method name="&lt;clinit&gt;" desc="()V" line="42"><counter type="INSTRUCTION" missed="0" covered="34"/><counter type="LINE" missed="0" covered="4"/><counter type="COMPLEXITY" missed="0" covered="1"/><counter type="METHOD" missed="0" covered="1"/></method><counter type="INSTRUCTION" missed="9" covered="39"/><counter type="LINE" missed="0" covered="4"/><counter type="COMPLEXITY" missed="2" covered="2"/><counter type="METHOD" missed="2" covered="2"/><counter type="CLASS" missed="0" covered="1"/></class><class name="deadgiveaway/server/Player"><method name="&lt;init&gt;" desc="(Ljava/lang/String;ILdeadgiveaway/LocationCard;)V" line="57"><counter type="INSTRUCTION" missed="0" covered="48"/><counter type="BRANCH" missed="0" covered="2"/><counter type="LINE" missed="0" covered="14"/><counter type="COMPLEXITY" missed="0" covered="2"/><counter type="METHOD" missed="0" covered="1"/></method><method name="addCard" desc="(Ldeadgiveaway/Card;)V" line="88"><counter type="INSTRUCTION" missed="0" covered="49"/><counter type="BRANCH" missed="0" covered="8"/><counter type="LINE" missed="0" covered="9"/><counter type="COMPLEXITY" missed="0" covered="5"/><counter type="METHOD" missed="0" covered="1"/></method><method name="removeActionCard" desc="(Ldeadgiveaway/ActionCard;)V" line="119"><counter type="INSTRUCTION" missed="0" covered="46"/><counter type="BRANCH" missed="1" covered="3"/><counter type="LINE" missed="0" covered="8"/><counter type="COMPLEXITY" missed="1" covered="2"/><counter type="METHOD" missed="0" covered="1"/></method><method name="removeActionCard" desc="(I)V" line="140"><counter type="INSTRUCTION" missed="0" covered="31"/><counter type="BRANCH" missed="0" covered="4"/><counter type="LINE" missed="0" covered="7"/><counter type="COMPLEXITY" missed="0" covered="3"/><counter type="METHOD" missed="0" covered="1"/></method><method name="removeClueCard" desc="(Ldeadgiveaway/Card;)V" line="160"><counter type="INSTRUCTION" missed="0" covered="29"/><counter type="BRANCH" missed="0" covered="4"/><counter type="LINE" missed="0" covered="6"/><counter type="COMPLEXITY" missed="0" covered="3"/><counter type="METHOD" missed="0" covered="1"/></method><method name="hasCard" desc="(Ldeadgiveaway/Card;)Z" line="180"><counter type="INSTRUCTION" missed="0" covered="52"/><counter type="BRANCH" missed="0" covered="10"/><counter type="LINE" missed="0" covered="8"/><counter type="COMPLEXITY" missed="0" covered="6"/><counter type="METHOD" missed="0" covered="1"/></method><method name="getClueCards" desc="()[Ldeadgiveaway/Card;" line="217"><counter type="INSTRUCTION" missed="0" covered="3"/><counter type="LINE" missed="0" covered="1"/><counter type="COMPLEXITY" missed="0" covered="1"/><counter type="METHOD" missed="0" covered="1"/></method><method name="getActionCards" desc="()[Ldeadgiveaway/ActionCard;" line="226"><counter type="INSTRUCTION" missed="0" covered="3"/><counter type="LINE" missed="0" covered="1"/><counter type="COMPLEXITY" missed="0" covered="1"/><counter type="METHOD" missed="0" covered="1"/></method><method name="getID" desc="()I" line="236"><counter type="INSTRUCTION" missed="0" covered="3"/><counter type="LINE" missed="0" covered="1"/><counter type="COMPLEXITY" missed="0" covered="1"/><counter type="METHOD" missed="0" covered="1"/></method><method name="setID" desc="(I)V" line="246"><counter type="INSTRUCTION" missed="0" covered="4"/><counter type="LINE" missed="0" covered="2"/><counter type="COMPLEXITY" missed="0" covered="1"/><counter type="METHOD" missed="0" covered="1"/></method><method name="addPlayer" desc="(Ldeadgiveaway/server/Player;)V" line="256"><counter type="INSTRUCTION" missed="0" covered="21"/><counter type="BRANCH" missed="0" covered="4"/><counter type="LINE" missed="0" covered="5"/><counter type="COMPLEXITY" missed="0" covered="3"/><counter type="METHOD" missed="0" covered="1"/></method><method name="getLocation" desc="()Ldeadgiveaway/LocationCard;" line="273"><counter type="INSTRUCTION" missed="0" covered="3"/><counter type="LINE" missed="0" covered="1"/><counter type="COMPLEXITY" missed="0" covered="1"/><counter type="METHOD" missed="0" covered="1"/></method><method name="setLocation" desc="(Ldeadgiveaway/LocationCard;)V" line="282"><counter type="INSTRUCTION" missed="0" covered="4"/><counter type="LINE" missed="0" covered="2"/><counter type="COMPLEXITY" missed="0" covered="1"/><counter type="METHOD" missed="0" covered="1"/></method><method name="getName" desc="()Ljava/lang/String;" line="291"><counter type="INSTRUCTION" missed="0" covered="3"/><counter type="LINE" missed="0" covered="1"/><counter type="COMPLEXITY" missed="0" covered="1"/><counter type="METHOD" missed="0" covered="1"/></method><method name="setName" desc="(Ljava/lang/String;)V" line="301"><counter type="INSTRUCTION" missed="0" covered="15"/><counter type="BRANCH" missed="0" covered="2"/><counter type="LINE" missed="0" covered="4"/><counter type="COMPLEXITY" missed="0" covered="2"/><counter type="METHOD" missed="0" covered="1"/></method><method name="setOut" desc="()V" line="317"><counter type="INSTRUCTION" missed="0" covered="5"/><counter type="LINE" missed="0" covered="2"/><counter type="COMPLEXITY" missed="0" covered="1"/><counter type="METHOD" missed="0" covered="1"/></method><method name="getOut" desc="()Ljava/lang/Boolean;" line="326"><counter type="INSTRUCTION" missed="0" covered="3"/><counter type="LINE" missed="0" covered="1"/><counter type="COMPLEXITY" missed="0" covered="1"/><counter type="METHOD" missed="0" covered="1"/></method><method name="getNumActions" desc="()I" line="335"><counter type="INSTRUCTION" missed="0" covered="3"/><counter type="LINE" missed="0" covered="1"/><counter type="COMPLEXITY" missed="0" covered="1"/><counter type="METHOD" missed="0" covered="1"/></method><method name="getNumCards" desc="()I" line="344"><counter type="INSTRUCTION" missed="0" covered="3"/><counter type="LINE" missed="0" covered="1"/><counter type="COMPLEXITY" missed="0" covered="1"/><counter type="METHOD" missed="0" covered="1"/></method><method name="getPlayers" desc="()[Ldeadgiveaway/server/Player;" line="353"><counter type="INSTRUCTION" missed="0" covered="3"/><counter type="LINE" missed="0" covered="1"/><counter type="COMPLEXITY" missed="0" covered="1"/><counter type="METHOD" missed="0" covered="1"/></method><method name="toString" desc="()Ljava/lang/String;" line="365"><counter type="INSTRUCTION" missed="0" covered="129"/><counter type="BRANCH" missed="0" covered="4"/><counter type="LINE" missed="0" covered="13"/><counter type="COMPLEXITY" missed="0" covered="3"/><counter type="METHOD" missed="0" covered="1"/></method><method name="clone" desc="()Ljava/lang/Object;" line="401"><counter type="INSTRUCTION" missed="0" covered="3"/><counter type="LINE" missed="0" covered="1"/><counter type="COMPLEXITY" missed="0" covered="1"/><counter type="METHOD" missed="0" covered="1"/></method><method name="deepCopy" desc="()Ldeadgiveaway/server/Player;" line="411"><counter type="INSTRUCTION" missed="0" covered="138"/><counter type="BRANCH" missed="1" covered="9"/><counter type="LINE" missed="0" covered="24"/><counter type="COMPLEXITY" missed="1" covered="5"/><counter type="METHOD" missed="0" covered="1"/></method><method name="getDifficulty" desc="()I" line="470"><counter type="INSTRUCTION" missed="0" covered="3"/><counter type="LINE" missed="0" covered="1"/><counter type="COMPLEXITY" missed="0" covered="1"/><counter type="METHOD" missed="0" covered="1"/></method><method name="setDifficulty" desc="(I)V" line="479"><counter type="INSTRUCTION" missed="0" covered="4"/><counter type="LINE" missed="0" covered="2"/><counter type="COMPLEXITY" missed="0" covered="1"/><counter type="METHOD" missed="0" covered="1"/></method><counter type="INSTRUCTION" missed="0" covered="608"/><counter type="BRANCH" missed="2" covered="50"/><counter type="LINE" missed="0" covered="117"/><counter type="COMPLEXITY" missed="2" covered="49"/><counter type="METHOD" missed="0" covered="25"/><counter type="CLASS" missed="0" covered="1"/></class><class name="deadgiveaway/server/ServerApp"><method name="&lt;init&gt;" desc="()V" line="15"><counter type="INSTRUCTION" missed="3" covered="0"/><counter type="LINE" missed="1" covered="0"/><counter type="COMPLEXITY" missed="1" covered="0"/><counter type="METHOD" missed="1" covered="0"/></method><method name="main" desc="([Ljava/lang/String;)V" line="38"><counter type="INSTRUCTION" missed="8" covered="82"/><counter type="BRANCH" missed="4" covered="10"/><counter type="LINE" missed="4" covered="18"/><counter type="COMPLEXITY" missed="4" covered="4"/><counter type="METHOD" missed="0" covered="1"/></method><method name="startServer" desc="(ILjava/lang/Integer;Ldeadgiveaway/server/ClueServerHelper;)V" line="121"><counter type="INSTRUCTION" missed="17" covered="16"/><counter type="LINE" missed="4" covered="6"/><counter type="COMPLEXITY" missed="0" covered="1"/><counter type="METHOD" missed="0" covered="1"/></method><counter type="INSTRUCTION" missed="28" covered="98"/><counter type="BRANCH" missed="4" covered="10"/><counter type="LINE" missed="9" covered="24"/><counter type="COMPLEXITY" missed="5" covered="5"/><counter type="METHOD" missed="1" covered="2"/><counter type="CLASS" missed="0" covered="1"/></class><class name="deadgiveaway/server/ClueServerHelper"><method name="&lt;init&gt;" desc="(ZZZZ)V" line="53"><counter type="INSTRUCTION" missed="0" covered="15"/><counter type="LINE" missed="0" covered="6"/><counter type="COMPLEXITY" missed="0" covered="1"/><counter type="METHOD" missed="0" covered="1"/></method><method name="&lt;init&gt;" desc="(ZZZ)V" line="76"><counter type="INSTRUCTION" missed="0" covered="7"/><counter type="LINE" missed="0" covered="2"/><counter type="COMPLEXITY" missed="0" covered="1"/><counter type="METHOD" missed="0" covered="1"/></method><method name="printToConsole" desc="(Ljava/lang/String;)V" line="87"><counter type="INSTRUCTION" missed="16" covered="10"/><counter type="BRANCH" missed="1" covered="3"/><counter type="LINE" missed="2" covered="4"/><counter type="COMPLEXITY" missed="1" covered="2"/><counter type="METHOD" missed="0" covered="1"/></method><method name="printToDebug" desc="(Ljava/lang/String;)V" line="111"><counter type="INSTRUCTION" missed="16" covered="10"/><counter type="BRANCH" missed="1" covered="3"/><counter type="LINE" missed="2" covered="4"/><counter type="COMPLEXITY" missed="1" covered="2"/><counter type="METHOD" missed="0" covered="1"/></method><method name="printPlayers" desc="(Ljava/util/ArrayList;)V" line="135"><counter type="INSTRUCTION" missed="0" covered="22"/><counter type="BRANCH" missed="0" covered="2"/><counter type="LINE" missed="0" covered="4"/><counter type="COMPLEXITY" missed="0" covered="2"/><counter type="METHOD" missed="0" covered="1"/></method><method name="sortPlayers" desc="(Ljava/util/ArrayList;)Ljava/util/ArrayList;" line="149"><counter type="INSTRUCTION" missed="17" covered="25"/><counter type="BRANCH" missed="3" covered="3"/><counter type="LINE" missed="3" covered="3"/><counter type="COMPLEXITY" missed="2" covered="2"/><counter type="METHOD" missed="0" covered="1"/></method><method name="movePlayer" desc="(Ljava/util/ArrayList;Ldeadgiveaway/server/Player;Ldeadgiveaway/LocationCard;)Ljava/util/ArrayList;" line="180"><counter type="INSTRUCTION" missed="33" covered="0"/><counter type="BRANCH" missed="6" covered="0"/><counter type="LINE" missed="10" covered="0"/><counter type="COMPLEXITY" missed="4" covered="0"/><counter type="METHOD" missed="1" covered="0"/></method><method name="populatePlayerInternalLists" desc="(Ljava/util/ArrayList;)Ljava/util/ArrayList;" line="209"><counter type="INSTRUCTION" missed="0" covered="25"/><counter type="BRANCH" missed="0" covered="4"/><counter type="LINE" missed="0" covered="4"/><counter type="COMPLEXITY" missed="0" covered="3"/><counter type="METHOD" missed="0" covered="1"/></method><method name="replacePlayerWithRobot" desc="(Ljava/util/ArrayList;Ldeadgiveaway/server/Player;Ljava/util/Random;)Ljava/util/ArrayList;" line="228"><counter type="INSTRUCTION" missed="0" covered="77"/><counter type="BRANCH" missed="0" covered="6"/><counter type="LINE" missed="0" covered="13"/><counter type="COMPLEXITY" missed="0" covered="4"/><counter type="METHOD" missed="0" covered="1"/></method><method name="deepCopyPlayers" desc="(Ljava/util/ArrayList;)Ljava/util/ArrayList;" line="271"><counter type="INSTRUCTION" missed="0" covered="39"/><counter type="BRANCH" missed="0" covered="4"/><counter type="LINE" missed="0" covered="6"/><counter type="COMPLEXITY" missed="0" covered="3"/><counter type="METHOD" missed="0" covered="1"/></method><method name="initRobotPlayers" desc="(Ljava/util/ArrayList;Ljava/util/Random;)Ljava/util/ArrayList;" line="303"><counter type="INSTRUCTION" missed="0" covered="31"/><counter type="BRANCH" missed="0" covered="2"/><counter type="LINE" missed="0" covered="4"/><counter type="COMPLEXITY" missed="0" covered="2"/><counter type="METHOD" missed="0" covered="1"/></method><method name="canRespondToSuperSleuth" desc="(Ldeadgiveaway/server/Player;Ldeadgiveaway/Card;)I" line="327"><counter type="INSTRUCTION" missed="28" covered="33"/><counter type="BRANCH" missed="2" covered="6"/><counter type="LINE" missed="2" covered="8"/><counter type="COMPLEXITY" missed="2" covered="3"/><counter type="METHOD" missed="0" covered="1"/></method><method name="canDisproveSuggestion" desc="(Ldeadgiveaway/server/Player;[Ldeadgiveaway/Card;)Z" line="375"><counter type="INSTRUCTION" missed="0" covered="22"/><counter type="BRANCH" missed="0" covered="2"/><counter type="LINE" missed="0" covered="4"/><counter type="COMPLEXITY" missed="0" covered="2"/><counter type="METHOD" missed="0" covered="1"/></method><method name="findCardThatDisprovesSuggestion" desc="([Ldeadgiveaway/Card;[Ldeadgiveaway/Card;)Ldeadgiveaway/Card;" line="399"><counter type="INSTRUCTION" missed="0" covered="44"/><counter type="BRANCH" missed="1" covered="7"/><counter type="LINE" missed="0" covered="6"/><counter type="COMPLEXITY" missed="1" covered="4"/><counter type="METHOD" missed="0" covered="1"/></method><method name="getHumanPlayerCount" desc="(Ljava/util/ArrayList;)I" line="428"><counter type="INSTRUCTION" missed="0" covered="19"/><counter type="BRANCH" missed="0" covered="4"/><counter type="LINE" missed="0" covered="6"/><counter type="COMPLEXITY" missed="0" covered="3"/><counter type="METHOD" missed="0" covered="1"/></method><method name="getRandomClueCard" desc="(Ldeadgiveaway/server/Player;Ljava/util/Random;)[Ldeadgiveaway/Card;" line="459"><counter type="INSTRUCTION" missed="0" covered="17"/><counter type="LINE" missed="0" covered="4"/><counter type="COMPLEXITY" missed="0" covered="1"/><counter type="METHOD" missed="0" covered="1"/></method><counter type="INSTRUCTION" missed="110" covered="396"/><counter type="BRANCH" missed="14" covered="46"/><counter type="LINE" missed="19" covered="78"/><counter type="COMPLEXITY" missed="11" covered="35"/><counter type="METHOD" missed="1" covered="15"/><counter type="CLASS" missed="0" covered="1"/></class><class name="deadgiveaway/server/ClueServerDeck"><method name="&lt;init&gt;" desc="(Ljava/util/Random;Ldeadgiveaway/server/ClueServerHelper;)V" line="89"><counter type="INSTRUCTION" missed="0" covered="40"/><counter type="LINE" missed="0" covered="12"/><counter type="COMPLEXITY" missed="0" covered="1"/><counter type="METHOD" missed="0" covered="1"/></method><method name="givePlayerLocationFromDeck" desc="(Ldeadgiveaway/server/Player;Ldeadgiveaway/LocationCard;)Ldeadgiveaway/server/Player;" line="114"><counter type="INSTRUCTION" missed="21" covered="0"/><counter type="BRANCH" missed="2" covered="0"/><counter type="LINE" missed="5" covered="0"/><counter type="COMPLEXITY" missed="2" covered="0"/><counter type="METHOD" missed="1" covered="0"/></method><method name="shuffleLocationMarkets" desc="()V" line="133"><counter type="INSTRUCTION" missed="6" covered="0"/><counter type="LINE" missed="2" covered="0"/><counter type="COMPLEXITY" missed="1" covered="0"/><counter type="METHOD" missed="1" covered="0"/></method><method name="shuffleClueCards" desc="()V" line="143"><counter type="INSTRUCTION" missed="6" covered="0"/><counter type="LINE" missed="2" covered="0"/><counter type="COMPLEXITY" missed="1" covered="0"/><counter type="METHOD" missed="1" covered="0"/></method><method name="reshuffleActionDeck" desc="()V" line="153"><counter type="INSTRUCTION" missed="19" covered="0"/><counter type="LINE" missed="5" covered="0"/><counter type="COMPLEXITY" missed="1" covered="0"/><counter type="METHOD" missed="1" covered="0"/></method><method name="dealAllClueCards" desc="(Ljava/util/ArrayList;)Ljava/util/ArrayList;" line="177"><counter type="INSTRUCTION" missed="0" covered="27"/><counter type="BRANCH" missed="0" covered="4"/><counter type="LINE" missed="0" covered="7"/><counter type="COMPLEXITY" missed="0" covered="3"/><counter type="METHOD" missed="0" covered="1"/></method><method name="dealActionCards" desc="(Ljava/util/ArrayList;)Ljava/util/ArrayList;" line="201"><counter type="INSTRUCTION" missed="0" covered="19"/><counter type="BRANCH" missed="0" covered="2"/><counter type="LINE" missed="0" covered="4"/><counter type="COMPLEXITY" missed="0" covered="2"/><counter type="METHOD" missed="0" covered="1"/></method><method name="initPlayerLocations" desc="(Ljava/util/ArrayList;)Ljava/util/ArrayList;" line="219"><counter type="INSTRUCTION" missed="0" covered="20"/><counter type="BRANCH" missed="0" covered="2"/><counter type="LINE" missed="0" covered="4"/><counter type="COMPLEXITY" missed="0" covered="2"/><counter type="METHOD" missed="0" covered="1"/></method><method name="initLocationMarkers" desc="()V" line="236"><counter type="INSTRUCTION" missed="0" covered="25"/><counter type="BRANCH" missed="0" covered="2"/><counter type="LINE" missed="0" covered="3"/><counter type="COMPLEXITY" missed="0" covered="2"/><counter type="METHOD" missed="0" covered="1"/></method><method name="initSolution" desc="()V" line="249"><counter type="INSTRUCTION" missed="0" covered="86"/><counter type="LINE" missed="0" covered="12"/><counter type="COMPLEXITY" missed="0" covered="1"/><counter type="METHOD" missed="0" covered="1"/></method><method name="initClueCards" desc="()V" line="283"><counter type="INSTRUCTION" missed="0" covered="73"/><counter type="BRANCH" missed="0" covered="6"/><counter type="LINE" missed="0" covered="7"/><counter type="COMPLEXITY" missed="0" covered="4"/><counter type="METHOD" missed="0" covered="1"/></method><method name="initActionCards" desc="()V" line="311"><counter type="INSTRUCTION" missed="0" covered="111"/><counter type="BRANCH" missed="0" covered="14"/><counter type="LINE" missed="0" covered="16"/><counter type="COMPLEXITY" missed="0" covered="8"/><counter type="METHOD" missed="0" covered="1"/></method><method name="discard" desc="(Ldeadgiveaway/Card;)V" line="363"><counter type="INSTRUCTION" missed="0" covered="10"/><counter type="BRANCH" missed="1" covered="1"/><counter type="LINE" missed="0" covered="3"/><counter type="COMPLEXITY" missed="1" covered="1"/><counter type="METHOD" missed="0" covered="1"/></method><method name="drawActionCard" desc="()[Ldeadgiveaway/Card;" line="382"><counter type="INSTRUCTION" missed="2" covered="17"/><counter type="BRANCH" missed="1" covered="1"/><counter type="LINE" missed="1" covered="4"/><counter type="COMPLEXITY" missed="1" covered="1"/><counter type="METHOD" missed="0" covered="1"/></method><method name="getSolution" desc="()Ljava/util/ArrayList;" line="405"><counter type="INSTRUCTION" missed="6" covered="25"/><counter type="BRANCH" missed="0" covered="2"/><counter type="LINE" missed="3" covered="6"/><counter type="COMPLEXITY" missed="0" covered="2"/><counter type="METHOD" missed="0" covered="1"/></method><method name="getActionDeck" desc="()Ljava/util/ArrayList;" line="434"><counter type="INSTRUCTION" missed="4" covered="25"/><counter type="BRANCH" missed="0" covered="2"/><counter type="LINE" missed="2" covered="6"/><counter type="COMPLEXITY" missed="0" covered="2"/><counter type="METHOD" missed="0" covered="1"/></method><method name="&lt;clinit&gt;" desc="()V" line="23"><counter type="INSTRUCTION" missed="0" covered="10"/><counter type="LINE" missed="0" covered="3"/><counter type="COMPLEXITY" missed="0" covered="1"/><counter type="METHOD" missed="0" covered="1"/></method><counter type="INSTRUCTION" missed="64" covered="488"/><counter type="BRANCH" missed="4" covered="36"/><counter type="LINE" missed="20" covered="87"/><counter type="COMPLEXITY" missed="7" covered="30"/><counter type="METHOD" missed="4" covered="13"/><counter type="CLASS" missed="0" covered="1"/></class><class name="deadgiveaway/server/RobotPlayer$CardType"><method name="values" desc="()[Ldeadgiveaway/server/RobotPlayer$CardType;" line="55"><counter type="INSTRUCTION" missed="4" covered="0"/><counter type="LINE" missed="1" covered="0"/><counter type="COMPLEXITY" missed="1" covered="0"/><counter type="METHOD" missed="1" covered="0"/></method><method name="valueOf" desc="(Ljava/lang/String;)Ldeadgiveaway/server/RobotPlayer$CardType;" line="55"><counter type="INSTRUCTION" missed="5" covered="0"/><counter type="LINE" missed="1" covered="0"/><counter type="COMPLEXITY" missed="1" covered="0"/><counter type="METHOD" missed="1" covered="0"/></method><method name="&lt;init&gt;" desc="(Ljava/lang/String;I)V" line="55"><counter type="INSTRUCTION" missed="0" covered="5"/><counter type="LINE" missed="0" covered="1"/><counter type="COMPLEXITY" missed="0" covered="1"/><counter type="METHOD" missed="0" covered="1"/></method><method name="&lt;clinit&gt;" desc="()V" line="55"><counter type="INSTRUCTION" missed="0" covered="44"/><counter type="LINE" missed="0" covered="5"/><counter type="COMPLEXITY" missed="0" covered="1"/><counter type="METHOD" missed="0" covered="1"/></method><counter type="INSTRUCTION" missed="9" covered="49"/><counter type="LINE" missed="0" covered="5"/><counter type="COMPLEXITY" missed="2" covered="2"/><counter type="METHOD" missed="2" covered="2"/><counter type="CLASS" missed="0" covered="1"/></class><class name="deadgiveaway/server/RobotPlayer"><method name="&lt;init&gt;" desc="(ILjava/lang/String;Ljava/util/Random;Ldeadgiveaway/LocationCard;)V" line="27"><counter type="INSTRUCTION" missed="0" covered="23"/><counter type="LINE" missed="0" covered="8"/><counter type="COMPLEXITY" missed="0" covered="1"/><counter type="METHOD" missed="0" covered="1"/></method><method name="addCard" desc="(Ldeadgiveaway/Card;)V" line="93"><counter type="INSTRUCTION" missed="0" covered="32"/><counter type="BRANCH" missed="0" covered="6"/><counter type="LINE" missed="0" covered="7"/><counter type="COMPLEXITY" missed="0" covered="4"/><counter type="METHOD" missed="0" covered="1"/></method><method name="selectAction" desc="(Ldeadgiveaway/Message;Ldeadgiveaway/server/ClueServer;)V" line="121"><counter type="INSTRUCTION" missed="4" covered="51"/><counter type="BRANCH" missed="2" covered="4"/><counter type="LINE" missed="1" covered="13"/><counter type="COMPLEXITY" missed="2" covered="2"/><counter type="METHOD" missed="0" covered="1"/></method><method name="pickSuggest" desc="(Ldeadgiveaway/ActionCard;Ldeadgiveaway/server/ClueServer;)V" line="154"><counter type="INSTRUCTION" missed="0" covered="17"/><counter type="BRANCH" missed="0" covered="3"/><counter type="LINE" missed="0" covered="6"/><counter type="COMPLEXITY" missed="0" covered="3"/><counter type="METHOD" missed="0" covered="1"/></method><method name="pickSnoop" desc="(Ldeadgiveaway/ActionCard;Ldeadgiveaway/server/ClueServer;)V" line="171"><counter type="INSTRUCTION" missed="0" covered="22"/><counter type="BRANCH" missed="0" covered="4"/><counter type="LINE" missed="0" covered="8"/><counter type="COMPLEXITY" missed="0" covered="4"/><counter type="METHOD" missed="0" covered="1"/></method><method name="pickSuperSleuth" desc="(Ldeadgiveaway/ActionCard;Ldeadgiveaway/server/ClueServer;)V" line="192"><counter type="INSTRUCTION" missed="0" covered="37"/><counter type="BRANCH" missed="0" covered="7"/><counter type="LINE" missed="0" covered="14"/><counter type="COMPLEXITY" missed="0" covered="7"/><counter type="METHOD" missed="0" covered="1"/></method><method name="pickPrivateTip" desc="(Ldeadgiveaway/ActionCard;Ldeadgiveaway/server/ClueServer;)V" line="226"><counter type="INSTRUCTION" missed="0" covered="37"/><counter type="BRANCH" missed="0" covered="7"/><counter type="LINE" missed="0" covered="14"/><counter type="COMPLEXITY" missed="0" covered="7"/><counter type="METHOD" missed="0" covered="1"/></method><method name="accuse" desc="(Ldeadgiveaway/ActionCard;Ldeadgiveaway/server/ClueServer;)V" line="263"><counter type="INSTRUCTION" missed="0" covered="58"/><counter type="BRANCH" missed="0" covered="2"/><counter type="LINE" missed="0" covered="13"/><counter type="COMPLEXITY" missed="0" covered="2"/><counter type="METHOD" missed="0" covered="1"/></method><method name="suggest" desc="(Ldeadgiveaway/ActionCard;Ldeadgiveaway/server/ClueServer;)V" line="301"><counter type="INSTRUCTION" missed="0" covered="83"/><counter type="BRANCH" missed="0" covered="12"/><counter type="LINE" missed="0" covered="21"/><counter type="COMPLEXITY" missed="0" covered="7"/><counter type="METHOD" missed="0" covered="1"/></method><method name="hardSuggestAll" desc="([Ldeadgiveaway/Card;)V" line="365"><counter type="INSTRUCTION" missed="2" covered="40"/><counter type="BRANCH" missed="3" covered="5"/><counter type="LINE" missed="1" covered="8"/><counter type="COMPLEXITY" missed="3" covered="2"/><counter type="METHOD" missed="0" covered="1"/></method><method name="hardSuggestCur" desc="([Ldeadgiveaway/Card;)Ldeadgiveaway/Message$Move;" line="390"><counter type="INSTRUCTION" missed="0" covered="84"/><counter type="BRANCH" missed="1" covered="11"/><counter type="LINE" missed="0" covered="16"/><counter type="COMPLEXITY" missed="1" covered="6"/><counter type="METHOD" missed="0" covered="1"/></method><method name="randomSuggest" desc="([Ldeadgiveaway/Card;)V" line="446"><counter type="INSTRUCTION" missed="0" covered="64"/><counter type="BRANCH" missed="0" covered="6"/><counter type="LINE" missed="0" covered="10"/><counter type="COMPLEXITY" missed="0" covered="4"/><counter type="METHOD" missed="0" covered="1"/></method><method name="setRandomLocation" desc="([Ldeadgiveaway/Card;)V" line="477"><counter type="INSTRUCTION" missed="0" covered="22"/><counter type="BRANCH" missed="0" covered="2"/><counter type="LINE" missed="0" covered="4"/><counter type="COMPLEXITY" missed="0" covered="2"/><counter type="METHOD" missed="0" covered="1"/></method><method name="findCards" desc="(Ldeadgiveaway/server/Player;[Ldeadgiveaway/Card;Z)Z" line="504"><counter type="INSTRUCTION" missed="0" covered="74"/><counter type="BRANCH" missed="0" covered="16"/><counter type="LINE" missed="0" covered="18"/><counter type="COMPLEXITY" missed="0" covered="9"/><counter type="METHOD" missed="0" covered="1"/></method><method name="findUnknown" desc="(Ldeadgiveaway/server/Player;[Ldeadgiveaway/Card;Z)Ldeadgiveaway/Card;" line="558"><counter type="INSTRUCTION" missed="0" covered="34"/><counter type="BRANCH" missed="0" covered="10"/><counter type="LINE" missed="0" covered="7"/><counter type="COMPLEXITY" missed="0" covered="6"/><counter type="METHOD" missed="0" covered="1"/></method><method name="findCardOfType" desc="(Ldeadgiveaway/server/RobotPlayer$CardType;)Ldeadgiveaway/Card;" line="591"><counter type="INSTRUCTION" missed="0" covered="51"/><counter type="BRANCH" missed="1" covered="9"/><counter type="LINE" missed="0" covered="10"/><counter type="COMPLEXITY" missed="1" covered="5"/><counter type="METHOD" missed="0" covered="1"/></method><method name="helpFindCardOfType" desc="(Ldeadgiveaway/server/Player;Ldeadgiveaway/server/RobotPlayer$CardType;I)Ldeadgiveaway/Card;" line="619"><counter type="INSTRUCTION" missed="0" covered="47"/><counter type="BRANCH" missed="1" covered="15"/><counter type="LINE" missed="0" covered="11"/><counter type="COMPLEXITY" missed="1" covered="8"/><counter type="METHOD" missed="0" covered="1"/></method><method name="snoop" desc="(Ldeadgiveaway/ActionCard;Ldeadgiveaway/server/ClueServer;)V" line="668"><counter type="INSTRUCTION" missed="0" covered="34"/><counter type="BRANCH" missed="0" covered="2"/><counter type="LINE" missed="0" covered="6"/><counter type="COMPLEXITY" missed="0" covered="2"/><counter type="METHOD" missed="0" covered="1"/></method><method name="findMostUnknownCards" desc="([Ldeadgiveaway/server/Player;)Ldeadgiveaway/server/Player;" line="695"><counter type="INSTRUCTION" missed="10" covered="40"/><counter type="BRANCH" missed="1" covered="3"/><counter type="LINE" missed="3" covered="6"/><counter type="COMPLEXITY" missed="1" covered="2"/><counter type="METHOD" missed="0" covered="1"/></method><method name="numUnknownCards" desc="(Ldeadgiveaway/server/Player;)I" line="725"><counter type="INSTRUCTION" missed="11" covered="10"/><counter type="BRANCH" missed="3" covered="1"/><counter type="LINE" missed="2" covered="3"/><counter type="COMPLEXITY" missed="2" covered="1"/><counter type="METHOD" missed="0" covered="1"/></method><method name="allSnoop" desc="(Ldeadgiveaway/ActionCard;Ldeadgiveaway/server/ClueServer;)V" line="749"><counter type="INSTRUCTION" missed="0" covered="57"/><counter type="BRANCH" missed="0" covered="2"/><counter type="LINE" missed="0" covered="8"/><counter type="COMPLEXITY" missed="0" covered="2"/><counter type="METHOD" missed="0" covered="1"/></method><method name="superSleuth" desc="(Ldeadgiveaway/ActionCard;Ldeadgiveaway/server/ClueServer;)V" line="781"><counter type="INSTRUCTION" missed="0" covered="20"/><counter type="LINE" missed="0" covered="3"/><counter type="COMPLEXITY" missed="0" covered="1"/><counter type="METHOD" missed="0" covered="1"/></method><method name="privateTip" desc="(Ldeadgiveaway/ActionCard;Ldeadgiveaway/server/ClueServer;)V" line="799"><counter type="INSTRUCTION" missed="0" covered="102"/><counter type="BRANCH" missed="1" covered="11"/><counter type="LINE" missed="0" covered="18"/><counter type="COMPLEXITY" missed="1" covered="6"/><counter type="METHOD" missed="0" covered="1"/></method><method name="findMaxIndex" desc="([I)I" line="852"><counter type="INSTRUCTION" missed="2" covered="31"/><counter type="BRANCH" missed="1" covered="3"/><counter type="LINE" missed="1" covered="4"/><counter type="COMPLEXITY" missed="1" covered="2"/><counter type="METHOD" missed="0" covered="1"/></method><method name="findRandomPlayer" desc="()Ldeadgiveaway/server/Player;" line="874"><counter type="INSTRUCTION" missed="0" covered="16"/><counter type="BRANCH" missed="1" covered="1"/><counter type="LINE" missed="0" covered="3"/><counter type="COMPLEXITY" missed="1" covered="1"/><counter type="METHOD" missed="0" covered="1"/></method><method name="showCard" desc="(Ldeadgiveaway/Card;)V" line="888"><counter type="INSTRUCTION" missed="0" covered="6"/><counter type="LINE" missed="0" covered="2"/><counter type="COMPLEXITY" missed="0" covered="1"/><counter type="METHOD" missed="0" covered="1"/></method><method name="initClueCards" desc="()V" line="896"><counter type="INSTRUCTION" missed="0" covered="174"/><counter type="LINE" missed="0" covered="23"/><counter type="COMPLEXITY" missed="0" covered="1"/><counter type="METHOD" missed="0" covered="1"/></method><method name="clone" desc="()Ljava/lang/Object;" line="930"><counter type="INSTRUCTION" missed="0" covered="3"/><counter type="LINE" missed="0" covered="1"/><counter type="COMPLEXITY" missed="0" covered="1"/><counter type="METHOD" missed="0" covered="1"/></method><method name="deepCopy" desc="()Ldeadgiveaway/server/RobotPlayer;" line="941"><counter type="INSTRUCTION" missed="23" covered="190"/><counter type="BRANCH" missed="1" covered="15"/><counter type="LINE" missed="2" covered="30"/><counter type="COMPLEXITY" missed="1" covered="8"/><counter type="METHOD" missed="0" covered="1"/></method><method name="getUnseenCards" desc="()Ljava/util/ArrayList;" line="1013"><counter type="INSTRUCTION" missed="0" covered="3"/><counter type="LINE" missed="0" covered="1"/><counter type="COMPLEXITY" missed="0" covered="1"/><counter type="METHOD" missed="0" covered="1"/></method><method name="setUnseenCards" desc="(Ljava/util/ArrayList;)V" line="1022"><counter type="INSTRUCTION" missed="0" covered="21"/><counter type="BRANCH" missed="0" covered="2"/><counter type="LINE" missed="0" covered="4"/><counter type="COMPLEXITY" missed="0" covered="2"/><counter type="METHOD" missed="0" covered="1"/></method><method name="getRandom" desc="()Ljava/util/Random;" line="1036"><counter type="INSTRUCTION" missed="0" covered="3"/><counter type="LINE" missed="0" covered="1"/><counter type="COMPLEXITY" missed="0" covered="1"/><counter type="METHOD" missed="0" covered="1"/></method><method name="setRandom" desc="(Ljava/util/Random;)V" line="1045"><counter type="INSTRUCTION" missed="4" covered="0"/><counter type="LINE" missed="2" covered="0"/><counter type="COMPLEXITY" missed="1" covered="0"/><counter type="METHOD" missed="1" covered="0"/></method><counter type="INSTRUCTION" missed="56" covered="1486"/><counter type="BRANCH" missed="16" covered="159"/><counter type="LINE" missed="12" covered="301"/><counter type="COMPLEXITY" missed="16" covered="111"/><counter type="METHOD" missed="1" covered="32"/><counter type="CLASS" missed="0" covered="1"/></class><sourcefile name="Player.java"><line nr="57" mi="0" ci="2" mb="0" cb="0"/><line nr="59" mi="0" ci="4" mb="0" cb="2"/><line nr="62" mi="0" ci="7" mb="0" cb="0"/><line nr="67" mi="0" ci="3" mb="0" cb="0"/><line nr="70" mi="0" ci="3" mb="0" cb="0"/><line nr="71" mi="0" ci="3" mb="0" cb="0"/><line nr="72" mi="0" ci="4" mb="0" cb="0"/><line nr="73" mi="0" ci="4" mb="0" cb="0"/><line nr="74" mi="0" ci="4" mb="0" cb="0"/><line nr="75" mi="0" ci="4" mb="0" cb="0"/><line nr="76" mi="0" ci="3" mb="0" cb="0"/><line nr="77" mi="0" ci="3" mb="0" cb="0"/><line nr="78" mi="0" ci="3" mb="0" cb="0"/><line nr="79" mi="0" ci="1" mb="0" cb="0"/><line nr="88" mi="0" ci="3" mb="0" cb="2"/><line nr="91" mi="0" ci="10" mb="0" cb="2"/><line nr="94" mi="0" ci="5" mb="0" cb="2"/><line nr="96" mi="0" ci="6" mb="0" cb="0"/><line nr="97" mi="0" ci="6" mb="0" cb="0"/><line nr="98" mi="0" ci="1" mb="0" cb="0"/><line nr="105" mi="0" ci="6" mb="0" cb="2"/><line nr="107" mi="0" ci="11" mb="0" cb="0"/><line nr="110" mi="0" ci="1" mb="0" cb="0"/><line nr="119" mi="0" ci="7" mb="0" cb="2"/><line nr="121" mi="0" ci="8" mb="0" cb="0"/><line nr="122" mi="0" ci="5" mb="0" cb="0"/><line nr="123" mi="0" ci="7" mb="0" cb="0"/><line nr="126" mi="0" ci="7" mb="1" cb="1"/><line nr="128" mi="0" ci="5" mb="0" cb="0"/><line nr="129" mi="0" ci="6" mb="0" cb="0"/><line nr="131" mi="0" ci="1" mb="0" cb="0"/><line nr="140" mi="0" ci="2" mb="0" cb="2"/><line nr="142" mi="0" ci="8" mb="0" cb="0"/><line nr="143" mi="0" ci="6" mb="0" cb="0"/><line nr="146" mi="0" ci="3" mb="0" cb="2"/><line nr="148" mi="0" ci="5" mb="0" cb="0"/><line nr="150" mi="0" ci="6" mb="0" cb="0"/><line nr="151" mi="0" ci="1" mb="0" cb="0"/><line nr="160" mi="0" ci="9" mb="0" cb="2"/><line nr="163" mi="0" ci="7" mb="0" cb="2"/><line nr="165" mi="0" ci="5" mb="0" cb="0"/><line nr="166" mi="0" ci="6" mb="0" cb="0"/><line nr="167" mi="0" ci="1" mb="0" cb="0"/><line nr="170" mi="0" ci="1" mb="0" cb="0"/><line nr="180" mi="0" ci="3" mb="0" cb="2"/><line nr="183" mi="0" ci="18" mb="0" cb="2"/><line nr="186" mi="0" ci="4" mb="0" cb="2"/><line nr="188" mi="0" ci="2" mb="0" cb="0"/><line nr="196" mi="0" ci="17" mb="0" cb="2"/><line nr="199" mi="0" ci="4" mb="0" cb="2"/><line nr="201" mi="0" ci="2" mb="0" cb="0"/><line nr="207" mi="0" ci="2" mb="0" cb="0"/><line nr="217" mi="0" ci="3" mb="0" cb="0"/><line nr="226" mi="0" ci="3" mb="0" cb="0"/><line nr="236" mi="0" ci="3" mb="0" cb="0"/><line nr="246" mi="0" ci="3" mb="0" cb="0"/><line nr="247" mi="0" ci="1" mb="0" cb="0"/><line nr="256" mi="0" ci="9" mb="0" cb="2"/><line nr="259" mi="0" ci="5" mb="0" cb="2"/><line nr="261" mi="0" ci="5" mb="0" cb="0"/><line nr="262" mi="0" ci="1" mb="0" cb="0"/><line nr="265" mi="0" ci="1" mb="0" cb="0"/><line nr="273" mi="0" ci="3" mb="0" cb="0"/><line nr="282" mi="0" ci="3" mb="0" cb="0"/><line nr="283" mi="0" ci="1" mb="0" cb="0"/><line nr="291" mi="0" ci="3" mb="0" cb="0"/><line nr="301" mi="0" ci="4" mb="0" cb="2"/><line nr="303" mi="0" ci="7" mb="0" cb="0"/><line nr="308" mi="0" ci="3" mb="0" cb="0"/><line nr="310" mi="0" ci="1" mb="0" cb="0"/><line nr="317" mi="0" ci="4" mb="0" cb="0"/><line nr="318" mi="0" ci="1" mb="0" cb="0"/><line nr="326" mi="0" ci="3" mb="0" cb="0"/><line nr="335" mi="0" ci="3" mb="0" cb="0"/><line nr="344" mi="0" ci="3" mb="0" cb="0"/><line nr="353" mi="0" ci="3" mb="0" cb="0"/><line nr="365" mi="0" ci="2" mb="0" cb="0"/><line nr="367" mi="0" ci="10" mb="0" cb="0"/><line nr="368" mi="0" ci="12" mb="0" cb="0"/><line nr="369" mi="0" ci="12" mb="0" cb="0"/><line nr="370" mi="0" ci="12" mb="0" cb="0"/><line nr="372" mi="0" ci="9" mb="0" cb="0"/><line nr="375" mi="0" ci="8" mb="0" cb="2"/><line nr="377" mi="0" ci="18" mb="0" cb="0"/><line nr="379" mi="0" ci="9" mb="0" cb="0"/><line nr="382" mi="0" ci="8" mb="0" cb="2"/><line nr="384" mi="0" ci="18" mb="0" cb="0"/><line nr="386" mi="0" ci="9" mb="0" cb="0"/><line nr="388" mi="0" ci="2" mb="0" cb="0"/><line nr="401" mi="0" ci="3" mb="0" cb="0"/><line nr="411" mi="0" ci="10" mb="0" cb="0"/><line nr="413" mi="0" ci="4" mb="0" cb="0"/><line nr="415" mi="0" ci="8" mb="0" cb="2"/><line nr="417" mi="0" ci="12" mb="0" cb="0"/><line nr="419" mi="0" ci="4" mb="0" cb="0"/><line nr="422" mi="0" ci="8" mb="0" cb="2"/><line nr="425" mi="0" ci="6" mb="0" cb="2"/><line nr="427" mi="0" ci="7" mb="0" cb="0"/><line nr="428" mi="0" ci="8" mb="0" cb="0"/><line nr="429" mi="0" ci="1" mb="0" cb="0"/><line nr="431" mi="0" ci="6" mb="0" cb="2"/><line nr="434" mi="0" ci="7" mb="0" cb="0"/><line nr="435" mi="0" ci="8" mb="0" cb="0"/><line nr="436" mi="0" ci="1" mb="0" cb="0"/><line nr="440" mi="0" ci="7" mb="0" cb="0"/><line nr="441" mi="0" ci="8" mb="0" cb="0"/><line nr="445" mi="0" ci="4" mb="0" cb="0"/><line nr="448" mi="0" ci="4" mb="0" cb="0"/><line nr="450" mi="0" ci="4" mb="0" cb="0"/><line nr="451" mi="0" ci="4" mb="0" cb="0"/><line nr="454" mi="0" ci="3" mb="1" cb="1"/><line nr="457" mi="0" ci="8" mb="0" cb="0"/><line nr="459" mi="0" ci="4" mb="0" cb="0"/><line nr="461" mi="0" ci="2" mb="0" cb="0"/><line nr="470" mi="0" ci="3" mb="0" cb="0"/><line nr="479" mi="0" ci="3" mb="0" cb="0"/><line nr="480" mi="0" ci="1" mb="0" cb="0"/><counter type="INSTRUCTION" missed="0" covered="608"/><counter type="BRANCH" missed="2" covered="50"/><counter type="LINE" missed="0" covered="117"/><counter type="COMPLEXITY" missed="2" covered="49"/><counter type="METHOD" missed="0" covered="25"/><counter type="CLASS" missed="0" covered="1"/></sourcefile><sourcefile name="ServerApp.java"><line nr="15" mi="3" ci="0" mb="0" cb="0"/><line nr="38" mi="0" ci="2" mb="0" cb="0"/><line nr="40" mi="0" ci="2" mb="0" cb="0"/><line nr="45" mi="0" ci="2" mb="0" cb="0"/><line nr="47" mi="0" ci="2" mb="0" cb="0"/><line nr="49" mi="0" ci="2" mb="0" cb="0"/><line nr="51" mi="0" ci="2" mb="0" cb="0"/><line nr="55" mi="0" ci="8" mb="0" cb="2"/><line nr="58" mi="0" ci="6" mb="0" cb="2"/><line nr="61" mi="0" ci="6" mb="0" cb="0"/><line nr="65" mi="0" ci="6" mb="0" cb="2"/><line nr="68" mi="0" ci="7" mb="0" cb="0"/><line nr="73" mi="0" ci="6" mb="1" cb="1"/><line nr="76" mi="2" ci="0" mb="0" cb="0"/><line nr="80" mi="0" ci="6" mb="1" cb="1"/><line nr="83" mi="2" ci="0" mb="0" cb="0"/><line nr="87" mi="0" ci="6" mb="1" cb="1"/><line nr="90" mi="2" ci="0" mb="0" cb="0"/><line nr="94" mi="0" ci="6" mb="1" cb="1"/><line nr="97" mi="2" ci="0" mb="0" cb="0"/><line nr="101" mi="0" ci="8" mb="0" cb="0"/><line nr="104" mi="0" ci="4" mb="0" cb="0"/><line nr="105" mi="0" ci="1" mb="0" cb="0"/><line nr="121" mi="0" ci="7" mb="0" cb="0"/><line nr="127" mi="0" ci="2" mb="0" cb="0"/><line nr="128" mi="0" ci="3" mb="0" cb="0"/><line nr="131" mi="0" ci="2" mb="0" cb="0"/><line nr="135" mi="1" ci="0" mb="0" cb="0"/><line nr="137" mi="7" ci="0" mb="0" cb="0"/><line nr="140" mi="1" ci="0" mb="0" cb="0"/><line nr="142" mi="7" ci="0" mb="0" cb="0"/><line nr="144" mi="1" ci="1" mb="0" cb="0"/><line nr="145" mi="0" ci="1" mb="0" cb="0"/><counter type="INSTRUCTION" missed="28" covered="98"/><counter type="BRANCH" missed="4" covered="10"/><counter type="LINE" missed="9" covered="24"/><counter type="COMPLEXITY" missed="5" covered="5"/><counter type="METHOD" missed="1" covered="2"/><counter type="CLASS" missed="0" covered="1"/></sourcefile><sourcefile name="ClueServer.java"><line nr="38" mi="0" ci="24" mb="0" cb="0"/><line nr="63" mi="0" ci="3" mb="0" cb="0"/><line nr="80" mi="0" ci="3" mb="0" cb="0"/><line nr="110" mi="0" ci="3" mb="0" cb="0"/><line nr="112" mi="0" ci="24" mb="0" cb="0"/><line nr="115" mi="0" ci="5" mb="0" cb="0"/><line nr="117" mi="0" ci="5" mb="0" cb="0"/><line nr="119" mi="0" ci="5" mb="0" cb="0"/><line nr="121" mi="0" ci="3" mb="0" cb="0"/><line nr="123" mi="0" ci="3" mb="0" cb="0"/><line nr="125" mi="0" ci="3" mb="0" cb="0"/><line nr="128" mi="0" ci="6" mb="0" cb="0"/><line nr="130" mi="0" ci="3" mb="0" cb="0"/><line nr="133" mi="0" ci="3" mb="0" cb="0"/><line nr="137" mi="0" ci="2" mb="1" cb="1"/><line nr="141" mi="0" ci="9" mb="0" cb="0"/><line nr="148" mi="5" ci="0" mb="0" cb="0"/><line nr="151" mi="0" ci="8" mb="0" cb="0"/><line nr="152" mi="0" ci="1" mb="0" cb="0"/><line nr="164" mi="0" ci="14" mb="0" cb="0"/><line nr="168" mi="0" ci="7" mb="1" cb="3"/><line nr="171" mi="0" ci="3" mb="0" cb="0"/><line nr="172" mi="0" ci="5" mb="0" cb="0"/><line nr="175" mi="0" ci="3" mb="0" cb="0"/><line nr="178" mi="0" ci="2" mb="1" cb="1"/><line nr="181" mi="3" ci="0" mb="0" cb="0"/><line nr="182" mi="3" ci="0" mb="0" cb="0"/><line nr="185" mi="2" ci="0" mb="0" cb="0"/><line nr="190" mi="0" ci="7" mb="0" cb="0"/><line nr="193" mi="0" ci="7" mb="0" cb="0"/><line nr="196" mi="0" ci="7" mb="0" cb="0"/><line nr="199" mi="0" ci="7" mb="0" cb="0"/><line nr="202" mi="0" ci="5" mb="0" cb="0"/><line nr="205" mi="0" ci="2" mb="0" cb="0"/><line nr="207" mi="0" ci="1" mb="0" cb="0"/><line nr="220" mi="0" ci="2" mb="0" cb="0"/><line nr="222" mi="0" ci="8" mb="1" cb="3"/><line nr="225" mi="0" ci="2" mb="0" cb="0"/><line nr="228" mi="0" ci="3" mb="1" cb="1"/><line nr="234" mi="11" ci="0" mb="0" cb="0"/><line nr="237" mi="1" ci="0" mb="0" cb="0"/><line nr="239" mi="3" ci="0" mb="0" cb="0"/><line nr="240" mi="1" ci="0" mb="0" cb="0"/><line nr="241" mi="1" ci="0" mb="0" cb="0"/><line nr="245" mi="0" ci="4" mb="0" cb="0"/><line nr="246" mi="0" ci="1" mb="0" cb="0"/><line nr="262" mi="0" ci="4" mb="0" cb="0"/><line nr="275" mi="0" ci="10" mb="2" cb="4"/><line nr="278" mi="3" ci="0" mb="0" cb="0"/><line nr="281" mi="0" ci="3" mb="0" cb="2"/><line nr="283" mi="0" ci="4" mb="0" cb="0"/><line nr="286" mi="0" ci="8" mb="2" cb="4"/><line nr="288" mi="0" ci="4" mb="0" cb="0"/><line nr="292" mi="0" ci="11" mb="0" cb="2"/><line nr="295" mi="0" ci="7" mb="0" cb="2"/><line nr="298" mi="0" ci="2" mb="0" cb="0"/><line nr="299" mi="0" ci="6" mb="0" cb="0"/><line nr="301" mi="0" ci="1" mb="0" cb="0"/><line nr="303" mi="0" ci="5" mb="0" cb="0"/><line nr="306" mi="0" ci="2" mb="0" cb="0"/><line nr="307" mi="0" ci="16" mb="0" cb="0"/><line nr="309" mi="0" ci="1" mb="0" cb="0"/><line nr="327" mi="0" ci="3" mb="0" cb="2"/><line nr="330" mi="0" ci="5" mb="0" cb="0"/><line nr="334" mi="0" ci="3" mb="0" cb="0"/><line nr="336" mi="0" ci="2" mb="1" cb="1"/><line nr="339" mi="12" ci="0" mb="0" cb="0"/><line nr="345" mi="0" ci="15" mb="0" cb="0"/><line nr="350" mi="0" ci="3" mb="0" cb="2"/><line nr="353" mi="0" ci="8" mb="0" cb="0"/><line nr="357" mi="0" ci="4" mb="0" cb="0"/><line nr="361" mi="0" ci="9" mb="0" cb="4"/><line nr="364" mi="0" ci="3" mb="1" cb="1"/><line nr="367" mi="0" ci="21" mb="0" cb="0"/><line nr="372" mi="6" ci="0" mb="2" cb="0"/><line nr="375" mi="4" ci="0" mb="0" cb="0"/><line nr="378" mi="6" ci="0" mb="2" cb="0"/><line nr="381" mi="4" ci="0" mb="0" cb="0"/><line nr="387" mi="0" ci="4" mb="0" cb="0"/><line nr="389" mi="0" ci="1" mb="0" cb="0"/><line nr="400" mi="0" ci="3" mb="0" cb="0"/><line nr="402" mi="0" ci="2" mb="0" cb="0"/><line nr="405" mi="0" ci="2" mb="0" cb="0"/><line nr="416" mi="0" ci="4" mb="0" cb="0"/><line nr="427" mi="0" ci="4" mb="0" cb="0"/><line nr="438" mi="0" ci="3" mb="0" cb="0"/><line nr="449" mi="0" ci="3" mb="0" cb="0"/><line nr="462" mi="0" ci="3" mb="0" cb="0"/><line nr="465" mi="0" ci="17" mb="0" cb="2"/><line nr="471" mi="0" ci="2" mb="0" cb="2"/><line nr="474" mi="0" ci="3" mb="0" cb="0"/><line nr="478" mi="1" ci="0" mb="0" cb="0"/><line nr="481" mi="3" ci="0" mb="0" cb="0"/><line nr="482" mi="0" ci="1" mb="0" cb="0"/><line nr="485" mi="1" ci="0" mb="0" cb="0"/><line nr="487" mi="3" ci="0" mb="0" cb="0"/><line nr="488" mi="2" ci="0" mb="0" cb="0"/><line nr="489" mi="0" ci="1" mb="0" cb="0"/><line nr="490" mi="0" ci="1" mb="0" cb="0"/><line nr="502" mi="0" ci="3" mb="0" cb="2"/><line nr="507" mi="0" ci="6" mb="0" cb="0"/><line nr="509" mi="0" ci="2" mb="1" cb="1"/><line nr="511" mi="0" ci="3" mb="0" cb="0"/><line nr="514" mi="1" ci="0" mb="0" cb="0"/><line nr="516" mi="3" ci="0" mb="0" cb="0"/><line nr="517" mi="0" ci="1" mb="0" cb="0"/><line nr="519" mi="0" ci="1" mb="0" cb="0"/><line nr="531" mi="0" ci="11" mb="0" cb="2"/><line nr="534" mi="0" ci="5" mb="0" cb="2"/><line nr="537" mi="0" ci="4" mb="0" cb="0"/><line nr="539" mi="0" ci="1" mb="0" cb="0"/><line nr="540" mi="0" ci="1" mb="0" cb="0"/><line nr="553" mi="2" ci="0" mb="0" cb="0"/><line nr="554" mi="2" ci="0" mb="0" cb="0"/><line nr="556" mi="1" ci="0" mb="0" cb="0"/><line nr="558" mi="3" ci="0" mb="0" cb="0"/><line nr="560" mi="1" ci="0" mb="0" cb="0"/><line nr="562" mi="3" ci="0" mb="0" cb="0"/><line nr="563" mi="2" ci="0" mb="0" cb="0"/><line nr="564" mi="1" ci="0" mb="0" cb="0"/><line nr="575" mi="2" ci="0" mb="0" cb="0"/><line nr="576" mi="17" ci="0" mb="0" cb="0"/><line nr="579" mi="3" ci="0" mb="0" cb="0"/><line nr="582" mi="2" ci="0" mb="0" cb="0"/><line nr="583" mi="1" ci="0" mb="0" cb="0"/><line nr="593" mi="0" ci="5" mb="0" cb="0"/><line nr="594" mi="0" ci="1" mb="0" cb="0"/><line nr="603" mi="3" ci="0" mb="0" cb="0"/><line nr="604" mi="1" ci="0" mb="0" cb="0"/><line nr="613" mi="0" ci="3" mb="1" cb="1"/><line nr="615" mi="0" ci="8" mb="0" cb="0"/><line nr="618" mi="0" ci="7" mb="1" cb="1"/><line nr="620" mi="4" ci="0" mb="0" cb="0"/><line nr="623" mi="0" ci="7" mb="0" cb="0"/><line nr="628" mi="0" ci="5" mb="1" cb="1"/><line nr="631" mi="2" ci="0" mb="0" cb="0"/><line nr="634" mi="0" ci="4" mb="0" cb="0"/><line nr="636" mi="0" ci="1" mb="0" cb="0"/><line nr="642" mi="0" ci="10" mb="0" cb="2"/><line nr="645" mi="0" ci="9" mb="0" cb="2"/><line nr="648" mi="0" ci="6" mb="0" cb="0"/><line nr="651" mi="0" ci="9" mb="1" cb="1"/><line nr="654" mi="0" ci="14" mb="0" cb="0"/><line nr="658" mi="0" ci="2" mb="0" cb="0"/><line nr="660" mi="0" ci="9" mb="0" cb="2"/><line nr="663" mi="0" ci="6" mb="0" cb="2"/><line nr="666" mi="0" ci="5" mb="0" cb="0"/><line nr="668" mi="0" ci="3" mb="0" cb="0"/><line nr="671" mi="0" ci="2" mb="1" cb="1"/><line nr="674" mi="0" ci="10" mb="0" cb="0"/><line nr="678" mi="0" ci="2" mb="0" cb="0"/><line nr="680" mi="0" ci="9" mb="0" cb="2"/><line nr="683" mi="0" ci="6" mb="0" cb="2"/><line nr="686" mi="0" ci="5" mb="0" cb="0"/><line nr="688" mi="0" ci="3" mb="0" cb="0"/><line nr="691" mi="0" ci="2" mb="1" cb="1"/><line nr="694" mi="0" ci="10" mb="0" cb="0"/><line nr="697" mi="0" ci="1" mb="0" cb="0"/><line nr="710" mi="0" ci="14" mb="0" cb="0"/><line nr="711" mi="0" ci="5" mb="0" cb="0"/><line nr="714" mi="0" ci="13" mb="0" cb="0"/><line nr="719" mi="0" ci="5" mb="0" cb="0"/><line nr="721" mi="0" ci="5" mb="0" cb="0"/><line nr="726" mi="0" ci="3" mb="0" cb="2"/><line nr="729" mi="0" ci="17" mb="0" cb="0"/><line nr="737" mi="0" ci="11" mb="0" cb="0"/><line nr="742" mi="0" ci="1" mb="0" cb="0"/><line nr="744" mi="0" ci="3" mb="0" cb="0"/><line nr="745" mi="0" ci="1" mb="0" cb="0"/><line nr="748" mi="0" ci="3" mb="0" cb="2"/><line nr="755" mi="0" ci="11" mb="0" cb="0"/><line nr="759" mi="1" ci="0" mb="0" cb="0"/><line nr="761" mi="3" ci="0" mb="0" cb="0"/><line nr="762" mi="0" ci="1" mb="0" cb="0"/><line nr="768" mi="0" ci="2" mb="0" cb="0"/><line nr="771" mi="1" ci="0" mb="0" cb="0"/><line nr="773" mi="3" ci="0" mb="0" cb="0"/><line nr="774" mi="1" ci="1" mb="0" cb="0"/><line nr="780" mi="0" ci="14" mb="0" cb="0"/><line nr="782" mi="0" ci="1" mb="0" cb="0"/><line nr="787" mi="0" ci="2" mb="0" cb="0"/><line nr="789" mi="0" ci="11" mb="0" cb="2"/><line nr="792" mi="0" ci="3" mb="0" cb="2"/><line nr="795" mi="0" ci="2" mb="0" cb="0"/><line nr="797" mi="0" ci="5" mb="0" cb="2"/><line nr="801" mi="0" ci="19" mb="0" cb="0"/><line nr="806" mi="1" ci="0" mb="0" cb="0"/><line nr="808" mi="3" ci="0" mb="0" cb="0"/><line nr="809" mi="0" ci="1" mb="0" cb="0"/><line nr="812" mi="0" ci="1" mb="0" cb="0"/><line nr="813" mi="0" ci="1" mb="0" cb="0"/><line nr="816" mi="0" ci="3" mb="0" cb="0"/><line nr="817" mi="0" ci="2" mb="0" cb="0"/><line nr="819" mi="0" ci="24" mb="0" cb="0"/><line nr="822" mi="0" ci="3" mb="0" cb="0"/><line nr="823" mi="0" ci="1" mb="0" cb="0"/><line nr="836" mi="0" ci="2" mb="0" cb="0"/><line nr="839" mi="0" ci="9" mb="0" cb="2"/><line nr="842" mi="0" ci="9" mb="1" cb="1"/><line nr="845" mi="1" ci="3" mb="1" cb="1"/><line nr="850" mi="0" ci="6" mb="1" cb="1"/><line nr="854" mi="0" ci="17" mb="0" cb="2"/><line nr="857" mi="0" ci="7" mb="1" cb="1"/><line nr="860" mi="2" ci="0" mb="0" cb="0"/><line nr="863" mi="0" ci="3" mb="0" cb="0"/><line nr="864" mi="0" ci="4" mb="0" cb="0"/><line nr="866" mi="0" ci="15" mb="0" cb="0"/><line nr="868" mi="0" ci="3" mb="0" cb="0"/><line nr="869" mi="0" ci="1" mb="0" cb="0"/><line nr="871" mi="6" ci="0" mb="2" cb="0"/><line nr="874" mi="17" ci="0" mb="2" cb="0"/><line nr="877" mi="8" ci="0" mb="2" cb="0"/><line nr="881" mi="2" ci="0" mb="0" cb="0"/><line nr="885" mi="3" ci="0" mb="0" cb="0"/><line nr="886" mi="4" ci="0" mb="0" cb="0"/><line nr="888" mi="15" ci="0" mb="0" cb="0"/><line nr="890" mi="3" ci="0" mb="0" cb="0"/><line nr="894" mi="0" ci="1" mb="0" cb="0"/><line nr="906" mi="0" ci="2" mb="0" cb="0"/><line nr="909" mi="0" ci="11" mb="0" cb="2"/><line nr="912" mi="0" ci="17" mb="1" cb="5"/><line nr="917" mi="0" ci="2" mb="0" cb="0"/><line nr="919" mi="0" ci="1" mb="0" cb="0"/><line nr="922" mi="0" ci="2" mb="0" cb="0"/><line nr="934" mi="0" ci="4" mb="1" cb="1"/><line nr="937" mi="4" ci="0" mb="0" cb="0"/><line nr="939" mi="3" ci="0" mb="0" cb="0"/><line nr="943" mi="0" ci="3" mb="0" cb="0"/><line nr="944" mi="0" ci="2" mb="0" cb="0"/><line nr="945" mi="0" ci="1" mb="0" cb="0"/><line nr="951" mi="0" ci="7" mb="1" cb="1"/><line nr="953" mi="8" ci="0" mb="2" cb="0"/><line nr="959" mi="3" ci="0" mb="0" cb="0"/><line nr="963" mi="28" ci="0" mb="0" cb="0"/><line nr="972" mi="0" ci="27" mb="0" cb="0"/><line nr="977" mi="0" ci="1" mb="0" cb="0"/><line nr="994" mi="0" ci="3" mb="0" cb="0"/><line nr="1000" mi="0" ci="8" mb="0" cb="0"/><line nr="1003" mi="0" ci="12" mb="2" cb="2"/><line nr="1006" mi="0" ci="3" mb="0" cb="0"/><line nr="1009" mi="0" ci="7" mb="0" cb="0"/><line nr="1013" mi="0" ci="2" mb="0" cb="0"/><line nr="1014" mi="0" ci="19" mb="0" cb="0"/><line nr="1017" mi="0" ci="3" mb="0" cb="0"/><line nr="1021" mi="0" ci="14" mb="0" cb="0"/><line nr="1025" mi="0" ci="5" mb="0" cb="0"/><line nr="1028" mi="0" ci="3" mb="1" cb="1"/><line nr="1031" mi="3" ci="0" mb="0" cb="0"/><line nr="1032" mi="4" ci="0" mb="0" cb="0"/><line nr="1034" mi="0" ci="1" mb="0" cb="0"/><line nr="1044" mi="0" ci="17" mb="0" cb="0"/><line nr="1046" mi="0" ci="1" mb="0" cb="0"/><line nr="1064" mi="0" ci="3" mb="0" cb="0"/><line nr="1067" mi="0" ci="5" mb="0" cb="0"/><line nr="1070" mi="7" ci="52" mb="2" cb="6"/><line nr="1074" mi="3" ci="0" mb="0" cb="0"/><line nr="1075" mi="1" ci="0" mb="0" cb="0"/><line nr="1079" mi="0" ci="4" mb="0" cb="0"/><line nr="1080" mi="0" ci="1" mb="0" cb="0"/><line nr="1084" mi="0" ci="6" mb="0" cb="2"/><line nr="1087" mi="0" ci="3" mb="0" cb="0"/><line nr="1092" mi="0" ci="3" mb="0" cb="0"/><line nr="1093" mi="0" ci="1" mb="0" cb="0"/><line nr="1096" mi="0" ci="3" mb="0" cb="0"/><line nr="1097" mi="0" ci="1" mb="0" cb="0"/><line nr="1101" mi="1" ci="0" mb="0" cb="0"/><line nr="1105" mi="0" ci="3" mb="0" cb="0"/><line nr="1106" mi="0" ci="1" mb="0" cb="0"/><line nr="1109" mi="0" ci="11" mb="0" cb="0"/><line nr="1112" mi="0" ci="1" mb="0" cb="0"/><line nr="1123" mi="0" ci="3" mb="0" cb="0"/><line nr="1125" mi="0" ci="3" mb="0" cb="0"/><line nr="1126" mi="0" ci="4" mb="0" cb="0"/><line nr="1129" mi="6" ci="45" mb="1" cb="6"/><line nr="1133" mi="0" ci="4" mb="0" cb="0"/><line nr="1134" mi="0" ci="3" mb="0" cb="0"/><line nr="1135" mi="0" ci="1" mb="0" cb="0"/><line nr="1138" mi="0" ci="4" mb="0" cb="0"/><line nr="1139" mi="0" ci="3" mb="0" cb="0"/><line nr="1140" mi="0" ci="1" mb="0" cb="0"/><line nr="1143" mi="0" ci="4" mb="0" cb="0"/><line nr="1144" mi="0" ci="3" mb="0" cb="0"/><line nr="1145" mi="0" ci="1" mb="0" cb="0"/><line nr="1148" mi="0" ci="4" mb="0" cb="0"/><line nr="1149" mi="0" ci="3" mb="0" cb="0"/><line nr="1150" mi="0" ci="1" mb="0" cb="0"/><line nr="1153" mi="0" ci="4" mb="0" cb="0"/><line nr="1154" mi="0" ci="3" mb="0" cb="0"/><line nr="1155" mi="0" ci="1" mb="0" cb="0"/><line nr="1158" mi="0" ci="6" mb="0" cb="0"/><line nr="1159" mi="0" ci="3" mb="0" cb="0"/><line nr="1160" mi="0" ci="1" mb="0" cb="0"/><line nr="1163" mi="11" ci="0" mb="0" cb="0"/><line nr="1167" mi="0" ci="1" mb="0" cb="0"/><line nr="1179" mi="5" ci="0" mb="0" cb="0"/><line nr="1181" mi="1" ci="0" mb="0" cb="0"/><line nr="1183" mi="2" ci="0" mb="0" cb="0"/><line nr="1184" mi="1" ci="0" mb="0" cb="0"/><line nr="1185" mi="1" ci="0" mb="0" cb="0"/><line nr="1198" mi="0" ci="3" mb="0" cb="2"/><line nr="1201" mi="0" ci="7" mb="0" cb="2"/><line nr="1203" mi="0" ci="9" mb="0" cb="0"/><line nr="1207" mi="0" ci="6" mb="0" cb="0"/><line nr="1210" mi="0" ci="7" mb="0" cb="0"/><line nr="1213" mi="0" ci="16" mb="0" cb="0"/><line nr="1215" mi="0" ci="3" mb="0" cb="0"/><line nr="1216" mi="0" ci="1" mb="0" cb="0"/><line nr="1220" mi="0" ci="3" mb="0" cb="0"/><line nr="1222" mi="0" ci="7" mb="0" cb="0"/><line nr="1224" mi="0" ci="6" mb="0" cb="0"/><line nr="1226" mi="0" ci="11" mb="0" cb="0"/><line nr="1230" mi="0" ci="11" mb="0" cb="0"/><line nr="1236" mi="0" ci="3" mb="0" cb="0"/><line nr="1238" mi="0" ci="17" mb="0" cb="2"/><line nr="1241" mi="0" ci="6" mb="0" cb="4"/><line nr="1244" mi="0" ci="3" mb="0" cb="0"/><line nr="1248" mi="1" ci="0" mb="0" cb="0"/><line nr="1250" mi="3" ci="0" mb="0" cb="0"/><line nr="1251" mi="2" ci="0" mb="0" cb="0"/><line nr="1252" mi="0" ci="1" mb="0" cb="0"/><line nr="1254" mi="0" ci="16" mb="0" cb="0"/><line nr="1256" mi="0" ci="3" mb="0" cb="0"/><line nr="1259" mi="0" ci="1" mb="0" cb="0"/><line nr="1270" mi="0" ci="3" mb="0" cb="0"/><line nr="1272" mi="0" ci="6" mb="0" cb="0"/><line nr="1275" mi="0" ci="5" mb="1" cb="1"/><line nr="1278" mi="7" ci="0" mb="0" cb="0"/><line nr="1282" mi="0" ci="21" mb="0" cb="0"/><line nr="1285" mi="0" ci="2" mb="0" cb="0"/><line nr="1287" mi="0" ci="1" mb="0" cb="0"/><line nr="1302" mi="0" ci="4" mb="0" cb="0"/><line nr="1305" mi="22" ci="12" mb="5" cb="1"/><line nr="1310" mi="0" ci="4" mb="0" cb="0"/><line nr="1312" mi="0" ci="6" mb="0" cb="0"/><line nr="1315" mi="0" ci="3" mb="1" cb="1"/><line nr="1317" mi="5" ci="0" mb="0" cb="0"/><line nr="1321" mi="0" ci="2" mb="1" cb="1"/><line nr="1323" mi="4" ci="0" mb="0" cb="0"/><line nr="1328" mi="0" ci="8" mb="0" cb="0"/><line nr="1330" mi="0" ci="2" mb="0" cb="0"/><line nr="1333" mi="0" ci="19" mb="0" cb="0"/><line nr="1340" mi="0" ci="19" mb="0" cb="0"/><line nr="1347" mi="0" ci="5" mb="0" cb="0"/><line nr="1350" mi="0" ci="5" mb="0" cb="0"/><line nr="1353" mi="0" ci="6" mb="1" cb="1"/><line nr="1355" mi="2" ci="0" mb="0" cb="0"/><line nr="1356" mi="1" ci="0" mb="0" cb="0"/><line nr="1361" mi="0" ci="2" mb="0" cb="0"/><line nr="1362" mi="0" ci="1" mb="0" cb="0"/><line nr="1373" mi="2" ci="0" mb="0" cb="0"/><line nr="1376" mi="16" ci="0" mb="0" cb="0"/><line nr="1382" mi="17" ci="0" mb="0" cb="0"/><line nr="1387" mi="5" ci="0" mb="0" cb="0"/><line nr="1390" mi="5" ci="0" mb="0" cb="0"/><line nr="1395" mi="2" ci="0" mb="0" cb="0"/><line nr="1396" mi="1" ci="0" mb="0" cb="0"/><line nr="1398" mi="1" ci="0" mb="0" cb="0"/><line nr="1400" mi="3" ci="0" mb="0" cb="0"/><line nr="1401" mi="2" ci="0" mb="0" cb="0"/><line nr="1403" mi="1" ci="0" mb="0" cb="0"/><line nr="1419" mi="0" ci="2" mb="0" cb="0"/><line nr="1420" mi="0" ci="17" mb="0" cb="0"/><line nr="1423" mi="0" ci="3" mb="0" cb="0"/><line nr="1426" mi="0" ci="4" mb="0" cb="0"/><line nr="1429" mi="0" ci="9" mb="0" cb="2"/><line nr="1432" mi="0" ci="6" mb="0" cb="0"/><line nr="1435" mi="0" ci="12" mb="0" cb="0"/><line nr="1438" mi="0" ci="4" mb="0" cb="2"/><line nr="1441" mi="0" ci="3" mb="0" cb="2"/><line nr="1444" mi="0" ci="3" mb="0" cb="0"/><line nr="1446" mi="0" ci="11" mb="0" cb="0"/><line nr="1448" mi="0" ci="1" mb="0" cb="0"/><line nr="1454" mi="0" ci="2" mb="0" cb="0"/><line nr="1455" mi="0" ci="21" mb="0" cb="0"/><line nr="1460" mi="0" ci="4" mb="0" cb="0"/><line nr="1466" mi="0" ci="4" mb="0" cb="2"/><line nr="1468" mi="0" ci="6" mb="0" cb="0"/><line nr="1473" mi="0" ci="14" mb="0" cb="0"/><line nr="1476" mi="0" ci="1" mb="0" cb="0"/><line nr="1492" mi="0" ci="2" mb="0" cb="0"/><line nr="1493" mi="0" ci="17" mb="0" cb="0"/><line nr="1496" mi="0" ci="3" mb="0" cb="0"/><line nr="1499" mi="0" ci="4" mb="0" cb="0"/><line nr="1502" mi="0" ci="9" mb="0" cb="2"/><line nr="1505" mi="0" ci="6" mb="0" cb="0"/><line nr="1508" mi="0" ci="16" mb="0" cb="0"/><line nr="1512" mi="0" ci="4" mb="0" cb="2"/><line nr="1515" mi="0" ci="3" mb="0" cb="2"/><line nr="1518" mi="0" ci="3" mb="0" cb="0"/><line nr="1520" mi="0" ci="8" mb="0" cb="0"/><line nr="1521" mi="0" ci="1" mb="0" cb="0"/><line nr="1527" mi="0" ci="2" mb="0" cb="0"/><line nr="1528" mi="0" ci="21" mb="0" cb="0"/><line nr="1533" mi="0" ci="4" mb="0" cb="0"/><line nr="1539" mi="0" ci="4" mb="0" cb="2"/><line nr="1542" mi="0" ci="6" mb="0" cb="0"/><line nr="1547" mi="0" ci="14" mb="0" cb="0"/><line nr="1550" mi="0" ci="1" mb="0" cb="0"/><line nr="1566" mi="0" ci="2" mb="0" cb="0"/><line nr="1567" mi="0" ci="18" mb="0" cb="0"/><line nr="1570" mi="0" ci="3" mb="0" cb="0"/><line nr="1573" mi="0" ci="3" mb="0" cb="0"/><line nr="1575" mi="0" ci="3" mb="0" cb="0"/><line nr="1576" mi="0" ci="6" mb="0" cb="0"/><line nr="1578" mi="0" ci="3" mb="0" cb="2"/><line nr="1580" mi="0" ci="10" mb="0" cb="0"/><line nr="1588" mi="0" ci="2" mb="0" cb="0"/><line nr="1589" mi="0" ci="20" mb="0" cb="0"/><line nr="1592" mi="0" ci="4" mb="0" cb="0"/><line nr="1597" mi="0" ci="3" mb="0" cb="2"/><line nr="1600" mi="0" ci="5" mb="0" cb="0"/><line nr="1606" mi="0" ci="12" mb="0" cb="0"/><line nr="1609" mi="0" ci="1" mb="0" cb="0"/><line nr="1624" mi="0" ci="2" mb="0" cb="0"/><line nr="1625" mi="0" ci="17" mb="0" cb="0"/><line nr="1628" mi="0" ci="3" mb="0" cb="0"/><line nr="1631" mi="0" ci="3" mb="0" cb="0"/><line nr="1633" mi="0" ci="5" mb="0" cb="0"/><line nr="1637" mi="0" ci="3" mb="0" cb="0"/><line nr="1639" mi="0" ci="3" mb="0" cb="0"/><line nr="1640" mi="0" ci="2" mb="0" cb="0"/><line nr="1643" mi="0" ci="4" mb="0" cb="0"/><line nr="1645" mi="0" ci="3" mb="0" cb="0"/><line nr="1652" mi="0" ci="9" mb="0" cb="2"/><line nr="1655" mi="0" ci="6" mb="0" cb="0"/><line nr="1658" mi="0" ci="9" mb="0" cb="4"/><line nr="1661" mi="0" ci="6" mb="0" cb="0"/><line nr="1662" mi="0" ci="2" mb="0" cb="0"/><line nr="1665" mi="0" ci="5" mb="0" cb="0"/><line nr="1668" mi="2" ci="3" mb="3" cb="1"/><line nr="1671" mi="12" ci="0" mb="0" cb="0"/><line nr="1674" mi="2" ci="0" mb="0" cb="0"/><line nr="1676" mi="0" ci="1" mb="0" cb="0"/><line nr="1689" mi="0" ci="3" mb="0" cb="0"/><line nr="1692" mi="0" ci="9" mb="0" cb="2"/><line nr="1694" mi="0" ci="6" mb="0" cb="0"/><line nr="1697" mi="0" ci="9" mb="0" cb="4"/><line nr="1701" mi="0" ci="10" mb="0" cb="0"/><line nr="1705" mi="0" ci="3" mb="1" cb="1"/><line nr="1707" mi="12" ci="0" mb="0" cb="0"/><line nr="1709" mi="10" ci="0" mb="0" cb="0"/><line nr="1712" mi="5" ci="0" mb="0" cb="0"/><line nr="1717" mi="0" ci="4" mb="0" cb="0"/><line nr="1718" mi="0" ci="5" mb="0" cb="0"/><line nr="1722" mi="0" ci="1" mb="0" cb="0"/><line nr="1730" mi="0" ci="3" mb="0" cb="0"/><line nr="1732" mi="0" ci="7" mb="0" cb="0"/><line nr="1736" mi="0" ci="24" mb="0" cb="0"/><line nr="1741" mi="0" ci="4" mb="0" cb="0"/><line nr="1744" mi="0" ci="7" mb="0" cb="0"/><line nr="1747" mi="0" ci="7" mb="1" cb="1"/><line nr="1750" mi="12" ci="0" mb="0" cb="0"/><line nr="1756" mi="0" ci="21" mb="0" cb="0"/><line nr="1762" mi="0" ci="6" mb="0" cb="0"/><line nr="1766" mi="0" ci="10" mb="0" cb="2"/><line nr="1769" mi="0" ci="10" mb="1" cb="1"/><line nr="1772" mi="0" ci="8" mb="0" cb="0"/><line nr="1777" mi="0" ci="3" mb="1" cb="1"/><line nr="1780" mi="0" ci="2" mb="0" cb="0"/><line nr="1782" mi="0" ci="1" mb="0" cb="0"/><line nr="1797" mi="0" ci="4" mb="0" cb="0"/><line nr="1799" mi="0" ci="3" mb="0" cb="0"/><line nr="1800" mi="0" ci="2" mb="0" cb="0"/><line nr="1801" mi="0" ci="4" mb="0" cb="0"/><line nr="1802" mi="0" ci="5" mb="0" cb="0"/><line nr="1804" mi="0" ci="3" mb="0" cb="0"/><line nr="1805" mi="0" ci="3" mb="0" cb="0"/><line nr="1809" mi="0" ci="11" mb="0" cb="0"/><line nr="1811" mi="0" ci="3" mb="0" cb="0"/><line nr="1815" mi="0" ci="17" mb="0" cb="2"/><line nr="1819" mi="0" ci="5" mb="0" cb="2"/><line nr="1822" mi="0" ci="2" mb="0" cb="0"/><line nr="1823" mi="0" ci="4" mb="0" cb="0"/><line nr="1828" mi="8" ci="4" mb="5" cb="1"/><line nr="1833" mi="0" ci="3" mb="1" cb="1"/><line nr="1836" mi="3" ci="0" mb="0" cb="0"/><line nr="1839" mi="3" ci="0" mb="0" cb="0"/><line nr="1840" mi="1" ci="0" mb="0" cb="0"/><line nr="1843" mi="0" ci="17" mb="0" cb="0"/><line nr="1851" mi="3" ci="0" mb="2" cb="0"/><line nr="1854" mi="3" ci="0" mb="0" cb="0"/><line nr="1857" mi="3" ci="0" mb="0" cb="0"/><li
[...]
 missed="1" covered="0"/></method><counter type="INSTRUCTION" missed="218" covered="0"/><counter type="BRANCH" missed="22" covered="0"/><counter type="LINE" missed="68" covered="0"/><counter type="COMPLEXITY" missed="26" covered="0"/><counter type="METHOD" missed="15" covered="0"/><counter type="CLASS" missed="1" covered="0"/></class><class name="ocsf/client/ObservableSWRClient"><method name="&lt;init&gt;" desc="(Ljava/lang/String;I)V" line="34"><counter type="INSTRUCTION" missed="17" covered="0"/><counter type="LINE" missed="5" covered="0"/><counter type="COMPLEXITY" missed="1" covered="0"/><counter type="METHOD" missed="1" covered="0"/></method><method name="setWaitTime" desc="(I)V" line="57"><counter type="INSTRUCTION" missed="4" covered="0"/><counter type="LINE" missed="2" covered="0"/><counter type="COMPLEXITY" missed="1" covered="0"/><counter type="METHOD" missed="1" covered="0"/></method><method name="connectAndWait" desc="()Z" line="72"><counter type="INSTRUCTION" missed="40" covered="0"/><counter type="BRANCH" missed="8" covered="0"/><counter type="LINE" missed="12" covered="0"/><counter type="COMPLEXITY" missed="5" covered="0"/><counter type="METHOD" missed="1" covered="0"/></method><method name="sendAndWaitForReply" desc="(Ljava/lang/Object;Ljava/lang/Object;)Ljava/lang/Object;" line="111"><counter type="INSTRUCTION" missed="12" covered="0"/><counter type="LINE" missed="3" covered="0"/><counter type="COMPLEXITY" missed="1" covered="0"/><counter type="METHOD" missed="1" covered="0"/></method><method name="sendAndWaitForReply" desc="(Ljava/lang/Object;Ljava/util/List;)Ljava/lang/Object;" line="135"><counter type="INSTRUCTION" missed="44" covered="0"/><counter type="BRANCH" missed="10" covered="0"/><counter type="LINE" missed="13" covered="0"/><counter type="COMPLEXITY" missed="6" covered="0"/><counter type="METHOD" missed="1" covered="0"/></method><method name="cancel" desc="()V" line="167"><counter type="INSTRUCTION" missed="8" covered="0"/><counter type="LINE" missed="4" covered="0"/><counter type="COMPLEXITY" missed="1" covered="0"/><counter type="METHOD" missed="1" covered="0"/></method><method name="isCancelled" desc="()Z" line="178"><counter type="INSTRUCTION" missed="3" covered="0"/><counter type="LINE" missed="1" covered="0"/><counter type="COMPLEXITY" missed="1" covered="0"/><counter type="METHOD" missed="1" covered="0"/></method><method name="clearAll" desc="()V" line="183"><counter type="INSTRUCTION" missed="13" covered="0"/><counter type="LINE" missed="5" covered="0"/><counter type="COMPLEXITY" missed="1" covered="0"/><counter type="METHOD" missed="1" covered="0"/></method><method name="notify" desc="(Ljava/lang/Exception;)V" line="191"><counter type="INSTRUCTION" missed="8" covered="0"/><counter type="LINE" missed="4" covered="0"/><counter type="COMPLEXITY" missed="1" covered="0"/><counter type="METHOD" missed="1" covered="0"/></method><method name="receive" desc="(Ljava/lang/Object;)V" line="198"><counter type="INSTRUCTION" missed="13" covered="0"/><counter type="BRANCH" missed="2" covered="0"/><counter type="LINE" missed="5" covered="0"/><counter type="COMPLEXITY" missed="2" covered="0"/><counter type="METHOD" missed="1" covered="0"/></method><method name="handleMessageFromServer" desc="(Ljava/lang/Object;)V" line="214"><counter type="INSTRUCTION" missed="9" covered="0"/><counter type="LINE" missed="4" covered="0"/><counter type="COMPLEXITY" missed="1" covered="0"/><counter type="METHOD" missed="1" covered="0"/></method><method name="connectionClosed" desc="()V" line="225"><counter type="INSTRUCTION" missed="9" covered="0"/><counter type="LINE" missed="4" covered="0"/><counter type="COMPLEXITY" missed="1" covered="0"/><counter type="METHOD" missed="1" covered="0"/></method><method name="connectionException" desc="(Ljava/lang/Exception;)V" line="239"><counter type="INSTRUCTION" missed="9" covered="0"/><counter type="LINE" missed="4" covered="0"/><counter type="COMPLEXITY" missed="1" covered="0"/><counter type="METHOD" missed="1" covered="0"/></method><method name="connectionEstablished" desc="()V" line="250"><counter type="INSTRUCTION" missed="9" covered="0"/><counter type="LINE" missed="4" covered="0"/><counter type="COMPLEXITY" missed="1" covered="0"/><counter type="METHOD" missed="1" covered="0"/></method><counter type="INSTRUCTION" missed="198" covered="0"/><counter type="BRANCH" missed="20" covered="0"/><counter type="LINE" missed="70" covered="0"/><counter type="COMPLEXITY" missed="24" covered="0"/><counter type="METHOD" missed="14" covered="0"/><counter type="CLASS" missed="1" covered="0"/></class><class name="ocsf/client/AdaptableClient"><method name="&lt;init&gt;" desc="(Ljava/lang/String;ILocsf/client/ObservableClient;)V" line="40"><counter type="INSTRUCTION" missed="8" covered="0"/><counter type="LINE" missed="3" covered="0"/><counter type="COMPLEXITY" missed="1" covered="0"/><counter type="METHOD" missed="1" covered="0"/></method><method name="connectionClosed" desc="()V" line="51"><counter type="INSTRUCTION" missed="4" covered="0"/><counter type="LINE" missed="2" covered="0"/><counter type="COMPLEXITY" missed="1" covered="0"/><counter type="METHOD" missed="1" covered="0"/></method><method name="connectionException" desc="(Ljava/lang/Exception;)V" line="62"><counter type="INSTRUCTION" missed="5" covered="0"/><counter type="LINE" missed="2" covered="0"/><counter type="COMPLEXITY" missed="1" covered="0"/><counter type="METHOD" missed="1" covered="0"/></method><method name="connectionEstablished" desc="()V" line="70"><counter type="INSTRUCTION" missed="4" covered="0"/><counter type="LINE" missed="2" covered="0"/><counter type="COMPLEXITY" missed="1" covered="0"/><counter type="METHOD" missed="1" covered="0"/></method><method name="handleMessageFromServer" desc="(Ljava/lang/Object;)V" line="80"><counter type="INSTRUCTION" missed="5" covered="0"/><counter type="LINE" missed="2" covered="0"/><counter type="COMPLEXITY" missed="1" covered="0"/><counter type="METHOD" missed="1" covered="0"/></method><counter type="INSTRUCTION" missed="26" covered="0"/><counter type="LINE" missed="11" covered="0"/><counter type="COMPLEXITY" missed="5" covered="0"/><counter type="METHOD" missed="5" covered="0"/><counter type="CLASS" missed="1" covered="0"/></class><class name="ocsf/client/ObservableClient"><method name="&lt;init&gt;" desc="(Ljava/lang/String;I)V" line="45"><counter type="INSTRUCTION" missed="11" covered="0"/><counter type="LINE" missed="3" covered="0"/><counter type="COMPLEXITY" missed="1" covered="0"/><counter type="METHOD" missed="1" covered="0"/></method><method name="openConnection" desc="()V" line="57"><counter type="INSTRUCTION" missed="4" covered="0"/><counter type="LINE" missed="2" covered="0"/><counter type="COMPLEXITY" missed="1" covered="0"/><counter type="METHOD" missed="1" covered="0"/></method><method name="closeConnection" desc="()V" line="66"><counter type="INSTRUCTION" missed="4" covered="0"/><counter type="LINE" missed="2" covered="0"/><counter type="COMPLEXITY" missed="1" covered="0"/><counter type="METHOD" missed="1" covered="0"/></method><method name="sendToServer" desc="(Ljava/lang/Object;)V" line="78"><counter type="INSTRUCTION" missed="5" covered="0"/><counter type="LINE" missed="2" covered="0"/><counter type="COMPLEXITY" missed="1" covered="0"/><counter type="METHOD" missed="1" covered="0"/></method><method name="isConnected" desc="()Z" line="89"><counter type="INSTRUCTION" missed="4" covered="0"/><counter type="LINE" missed="1" covered="0"/><counter type="COMPLEXITY" missed="1" covered="0"/><counter type="METHOD" missed="1" covered="0"/></method><method name="getPort" desc="()I" line="97"><counter type="INSTRUCTION" missed="4" covered="0"/><counter type="LINE" missed="1" covered="0"/><counter type="COMPLEXITY" missed="1" covered="0"/><counter type="METHOD" missed="1" covered="0"/></method><method name="setPort" desc="(I)V" line="108"><counter type="INSTRUCTION" missed="5" covered="0"/><counter type="LINE" missed="2" covered="0"/><counter type="COMPLEXITY" missed="1" covered="0"/><counter type="METHOD" missed="1" covered="0"/></method><method name="getHost" desc="()Ljava/lang/String;" line="116"><counter type="INSTRUCTION" missed="4" covered="0"/><counter type="LINE" missed="1" covered="0"/><counter type="COMPLEXITY" missed="1" covered="0"/><counter type="METHOD" missed="1" covered="0"/></method><method name="setHost" desc="(Ljava/lang/String;)V" line="127"><counter type="INSTRUCTION" missed="5" covered="0"/><counter type="LINE" missed="2" covered="0"/><counter type="COMPLEXITY" missed="1" covered="0"/><counter type="METHOD" missed="1" covered="0"/></method><method name="getInetAddress" desc="()Ljava/net/InetAddress;" line="135"><counter type="INSTRUCTION" missed="4" covered="0"/><counter type="LINE" missed="1" covered="0"/><counter type="COMPLEXITY" missed="1" covered="0"/><counter type="METHOD" missed="1" covered="0"/></method><method name="handleMessageFromServer" desc="(Ljava/lang/Object;)V" line="147"><counter type="INSTRUCTION" missed="6" covered="0"/><counter type="LINE" missed="3" covered="0"/><counter type="COMPLEXITY" missed="1" covered="0"/><counter type="METHOD" missed="1" covered="0"/></method><method name="connectionClosed" desc="()V" line="156"><counter type="INSTRUCTION" missed="6" covered="0"/><counter type="LINE" missed="3" covered="0"/><counter type="COMPLEXITY" missed="1" covered="0"/><counter type="METHOD" missed="1" covered="0"/></method><method name="connectionException" desc="(Ljava/lang/Exception;)V" line="168"><counter type="INSTRUCTION" missed="6" covered="0"/><counter type="LINE" missed="3" covered="0"/><counter type="COMPLEXITY" missed="1" covered="0"/><counter type="METHOD" missed="1" covered="0"/></method><method name="connectionEstablished" desc="()V" line="177"><counter type="INSTRUCTION" missed="6" covered="0"/><counter type="LINE" missed="3" covered="0"/><counter type="COMPLEXITY" missed="1" covered="0"/><counter type="METHOD" missed="1" covered="0"/></method><counter type="INSTRUCTION" missed="74" covered="0"/><counter type="LINE" missed="29" covered="0"/><counter type="COMPLEXITY" missed="14" covered="0"/><counter type="METHOD" missed="14" covered="0"/><counter type="CLASS" missed="1" covered="0"/></class><sourcefile name="AbstractClient.java"><line nr="92" mi="3" ci="0" mb="0" cb="0"/><line nr="113" mi="2" ci="0" mb="0" cb="0"/><line nr="115" mi="3" ci="0" mb="0" cb="0"/><line nr="116" mi="3" ci="0" mb="0" cb="0"/><line nr="117" mi="1" ci="0" mb="0" cb="0"/><line nr="130" mi="3" ci="0" mb="2" cb="0"/><line nr="131" mi="1" ci="0" mb="0" cb="0"/><line nr="136" mi="9" ci="0" mb="0" cb="0"/><line nr="137" mi="8" ci="0" mb="0" cb="0"/><line nr="138" mi="8" ci="0" mb="0" cb="0"/><line nr="140" mi="1" ci="0" mb="0" cb="0"/><line nr="146" mi="2" ci="0" mb="0" cb="0"/><line nr="148" mi="2" ci="0" mb="0" cb="0"/><line nr="150" mi="2" ci="0" mb="0" cb="0"/><line nr="151" mi="1" ci="0" mb="0" cb="0"/><line nr="153" mi="6" ci="0" mb="0" cb="0"/><line nr="154" mi="3" ci="0" mb="0" cb="0"/><line nr="155" mi="3" ci="0" mb="0" cb="0"/><line nr="156" mi="1" ci="0" mb="0" cb="0"/><line nr="171" mi="6" ci="0" mb="4" cb="0"/><line nr="172" mi="5" ci="0" mb="0" cb="0"/><line nr="175" mi="4" ci="0" mb="0" cb="0"/><line nr="176" mi="1" ci="0" mb="0" cb="0"/><line nr="186" mi="3" ci="0" mb="0" cb="0"/><line nr="187" mi="2" ci="0" mb="0" cb="0"/><line nr="188" mi="1" ci="0" mb="0" cb="0"/><line nr="197" mi="11" ci="0" mb="4" cb="0"/><line nr="205" mi="3" ci="0" mb="0" cb="0"/><line nr="217" mi="3" ci="0" mb="0" cb="0"/><line nr="218" mi="1" ci="0" mb="0" cb="0"/><line nr="225" mi="3" ci="0" mb="0" cb="0"/><line nr="237" mi="3" ci="0" mb="0" cb="0"/><line nr="238" mi="1" ci="0" mb="0" cb="0"/><line nr="247" mi="4" ci="0" mb="0" cb="0"/><line nr="259" mi="2" ci="0" mb="0" cb="0"/><line nr="268" mi="3" ci="0" mb="2" cb="0"/><line nr="276" mi="4" ci="0" mb="0" cb="0"/><line nr="280" mi="3" ci="0" mb="2" cb="0"/><line nr="281" mi="3" ci="0" mb="0" cb="0"/><line nr="284" mi="1" ci="0" mb="0" cb="0"/><line nr="286" mi="3" ci="0" mb="0" cb="0"/><line nr="288" mi="1" ci="0" mb="0" cb="0"/><line nr="290" mi="3" ci="0" mb="0" cb="0"/><line nr="291" mi="3" ci="0" mb="0" cb="0"/><line nr="294" mi="1" ci="0" mb="0" cb="0"/><line nr="296" mi="3" ci="0" mb="2" cb="0"/><line nr="300" mi="2" ci="0" mb="0" cb="0"/><line nr="302" mi="2" ci="0" mb="0" cb="0"/><line nr="304" mi="3" ci="0" mb="0" cb="0"/><line nr="305" mi="3" ci="0" mb="0" cb="0"/><line nr="309" mi="10" ci="0" mb="0" cb="0"/><line nr="310" mi="8" ci="0" mb="0" cb="0"/><line nr="311" mi="2" ci="0" mb="0" cb="0"/><line nr="312" mi="1" ci="0" mb="0" cb="0"/><line nr="323" mi="1" ci="0" mb="0" cb="0"/><line nr="336" mi="1" ci="0" mb="0" cb="0"/><line nr="343" mi="1" ci="0" mb="0" cb="0"/><line nr="369" mi="3" ci="0" mb="2" cb="0"/><line nr="370" mi="3" ci="0" mb="0" cb="0"/><line nr="373" mi="3" ci="0" mb="2" cb="0"/><line nr="374" mi="3" ci="0" mb="0" cb="0"/><line nr="377" mi="3" ci="0" mb="2" cb="0"/><line nr="378" mi="3" ci="0" mb="0" cb="0"/><line nr="386" mi="7" ci="0" mb="0" cb="0"/><line nr="387" mi="6" ci="0" mb="0" cb="0"/><line nr="388" mi="8" ci="0" mb="0" cb="0"/><line nr="389" mi="1" ci="0" mb="0" cb="0"/><line nr="390" mi="1" ci="0" mb="0" cb="0"/><counter type="INSTRUCTION" missed="218" covered="0"/><counter type="BRANCH" missed="22" covered="0"/><counter type="LINE" missed="68" covered="0"/><counter type="COMPLEXITY" missed="26" covered="0"/><counter type="METHOD" missed="15" covered="0"/><counter type="CLASS" missed="1" covered="0"/></sourcefile><sourcefile name="AdaptableClient.java"><line nr="40" mi="4" ci="0" mb="0" cb="0"/><line nr="41" mi="3" ci="0" mb="0" cb="0"/><line nr="42" mi="1" ci="0" mb="0" cb="0"/><line nr="51" mi="3" ci="0" mb="0" cb="0"/><line nr="52" mi="1" ci="0" mb="0" cb="0"/><line nr="62" mi="4" ci="0" mb="0" cb="0"/><line nr="63" mi="1" ci="0" mb="0" cb="0"/><line nr="70" mi="3" ci="0" mb="0" cb="0"/><line nr="71" mi="1" ci="0" mb="0" cb="0"/><line nr="80" mi="4" ci="0" mb="0" cb="0"/><line nr="81" mi="1" ci="0" mb="0" cb="0"/><counter type="INSTRUCTION" missed="26" covered="0"/><counter type="LINE" missed="11" covered="0"/><counter type="COMPLEXITY" missed="5" covered="0"/><counter type="METHOD" missed="5" covered="0"/><counter type="CLASS" missed="1" covered="0"/></sourcefile><sourcefile name="ObservableClient.java"><line nr="45" mi="2" ci="0" mb="0" cb="0"/><line nr="46" mi="8" ci="0" mb="0" cb="0"/><line nr="47" mi="1" ci="0" mb="0" cb="0"/><line nr="57" mi="3" ci="0" mb="0" cb="0"/><line nr="58" mi="1" ci="0" mb="0" cb="0"/><line nr="66" mi="3" ci="0" mb="0" cb="0"/><line nr="67" mi="1" ci="0" mb="0" cb="0"/><line nr="78" mi="4" ci="0" mb="0" cb="0"/><line nr="79" mi="1" ci="0" mb="0" cb="0"/><line nr="89" mi="4" ci="0" mb="0" cb="0"/><line nr="97" mi="4" ci="0" mb="0" cb="0"/><line nr="108" mi="4" ci="0" mb="0" cb="0"/><line nr="109" mi="1" ci="0" mb="0" cb="0"/><line nr="116" mi="4" ci="0" mb="0" cb="0"/><line nr="127" mi="4" ci="0" mb="0" cb="0"/><line nr="128" mi="1" ci="0" mb="0" cb="0"/><line nr="135" mi="4" ci="0" mb="0" cb="0"/><line nr="147" mi="2" ci="0" mb="0" cb="0"/><line nr="148" mi="3" ci="0" mb="0" cb="0"/><line nr="149" mi="1" ci="0" mb="0" cb="0"/><line nr="156" mi="2" ci="0" mb="0" cb="0"/><line nr="157" mi="3" ci="0" mb="0" cb="0"/><line nr="158" mi="1" ci="0" mb="0" cb="0"/><line nr="168" mi="2" ci="0" mb="0" cb="0"/><line nr="169" mi="3" ci="0" mb="0" cb="0"/><line nr="170" mi="1" ci="0" mb="0" cb="0"/><line nr="177" mi="2" ci="0" mb="0" cb="0"/><line nr="178" mi="3" ci="0" mb="0" cb="0"/><line nr="179" mi="1" ci="0" mb="0" cb="0"/><counter type="INSTRUCTION" missed="74" covered="0"/><counter type="LINE" missed="29" covered="0"/><counter type="COMPLEXITY" missed="14" covered="0"/><counter type="METHOD" missed="14" covered="0"/><counter type="CLASS" missed="1" covered="0"/></sourcefile><sourcefile name="ObservableSWRClient.java"><line nr="34" mi="6" ci="0" mb="0" cb="0"/><line nr="35" mi="3" ci="0" mb="0" cb="0"/><line nr="36" mi="3" ci="0" mb="0" cb="0"/><line nr="44" mi="4" ci="0" mb="0" cb="0"/><line nr="45" mi="1" ci="0" mb="0" cb="0"/><line nr="57" mi="3" ci="0" mb="0" cb="0"/><line nr="58" mi="1" ci="0" mb="0" cb="0"/><line nr="72" mi="2" ci="0" mb="0" cb="0"/><line nr="73" mi="5" ci="0" mb="0" cb="0"/><line nr="75" mi="2" ci="0" mb="0" cb="0"/><line nr="77" mi="7" ci="0" mb="4" cb="0"/><line nr="79" mi="5" ci="0" mb="0" cb="0"/><line nr="80" mi="2" ci="0" mb="0" cb="0"/><line nr="81" mi="4" ci="0" mb="0" cb="0"/><line nr="84" mi="3" ci="0" mb="2" cb="0"/><line nr="86" mi="3" ci="0" mb="0" cb="0"/><line nr="89" mi="3" ci="0" mb="2" cb="0"/><line nr="90" mi="2" ci="0" mb="0" cb="0"/><line nr="92" mi="2" ci="0" mb="0" cb="0"/><line nr="111" mi="2" ci="0" mb="0" cb="0"/><line nr="112" mi="5" ci="0" mb="0" cb="0"/><line nr="114" mi="5" ci="0" mb="0" cb="0"/><line nr="135" mi="2" ci="0" mb="2" cb="0"/><line nr="137" mi="2" ci="0" mb="0" cb="0"/><line nr="138" mi="5" ci="0" mb="0" cb="0"/><line nr="141" mi="3" ci="0" mb="0" cb="0"/><line nr="143" mi="7" ci="0" mb="4" cb="0"/><line nr="145" mi="5" ci="0" mb="0" cb="0"/><line nr="146" mi="2" ci="0" mb="0" cb="0"/><line nr="147" mi="4" ci="0" mb="0" cb="0"/><line nr="150" mi="3" ci="0" mb="2" cb="0"/><line nr="152" mi="3" ci="0" mb="0" cb="0"/><line nr="155" mi="3" ci="0" mb="2" cb="0"/><line nr="156" mi="2" ci="0" mb="0" cb="0"/><line nr="158" mi="3" ci="0" mb="0" cb="0"/><line nr="167" mi="2" ci="0" mb="0" cb="0"/><line nr="168" mi="3" ci="0" mb="0" cb="0"/><line nr="169" mi="2" ci="0" mb="0" cb="0"/><line nr="170" mi="1" ci="0" mb="0" cb="0"/><line nr="178" mi="3" ci="0" mb="0" cb="0"/><line nr="183" mi="3" ci="0" mb="0" cb="0"/><line nr="184" mi="3" ci="0" mb="0" cb="0"/><line nr="185" mi="3" ci="0" mb="0" cb="0"/><line nr="186" mi="3" ci="0" mb="0" cb="0"/><line nr="187" mi="1" ci="0" mb="0" cb="0"/><line nr="191" mi="2" ci="0" mb="0" cb="0"/><line nr="192" mi="3" ci="0" mb="0" cb="0"/><line nr="193" mi="2" ci="0" mb="0" cb="0"/><line nr="194" mi="1" ci="0" mb="0" cb="0"/><line nr="198" mi="5" ci="0" mb="2" cb="0"/><line nr="200" mi="2" ci="0" mb="0" cb="0"/><line nr="201" mi="3" ci="0" mb="0" cb="0"/><line nr="202" mi="2" ci="0" mb="0" cb="0"/><line nr="204" mi="1" ci="0" mb="0" cb="0"/><line nr="214" mi="3" ci="0" mb="0" cb="0"/><line nr="216" mi="2" ci="0" mb="0" cb="0"/><line nr="217" mi="3" ci="0" mb="0" cb="0"/><line nr="218" mi="1" ci="0" mb="0" cb="0"/><line nr="225" mi="3" ci="0" mb="0" cb="0"/><line nr="227" mi="2" ci="0" mb="0" cb="0"/><line nr="228" mi="3" ci="0" mb="0" cb="0"/><line nr="229" mi="1" ci="0" mb="0" cb="0"/><line nr="239" mi="3" ci="0" mb="0" cb="0"/><line nr="241" mi="2" ci="0" mb="0" cb="0"/><line nr="242" mi="3" ci="0" mb="0" cb="0"/><line nr="243" mi="1" ci="0" mb="0" cb="0"/><line nr="250" mi="3" ci="0" mb="0" cb="0"/><line nr="252" mi="2" ci="0" mb="0" cb="0"/><line nr="253" mi="3" ci="0" mb="0" cb="0"/><line nr="254" mi="1" ci="0" mb="0" cb="0"/><counter type="INSTRUCTION" missed="198" covered="0"/><counter type="BRANCH" missed="20" covered="0"/><counter type="LINE" missed="70" covered="0"/><counter type="COMPLEXITY" missed="24" covered="0"/><counter type="METHOD" missed="14" covered="0"/><counter type="CLASS" missed="1" covered="0"/></sourcefile><counter type="INSTRUCTION" missed="516" covered="0"/><counter type="BRANCH" missed="42" covered="0"/><counter type="LINE" missed="178" covered="0"/><counter type="COMPLEXITY" missed="69" covered="0"/><counter type="METHOD" missed="48" covered="0"/><counter type="CLASS" missed="4" covered="0"/></package><counter type="INSTRUCTION" missed="17975" covered="8164"/><counter type="BRANCH" missed="798" covered="587"/><counter type="LINE" missed="3336" covered="1404"/><counter type="COMPLEXITY" missed="819" covered="503"/><counter type="METHOD" missed="362" covered="239"/><counter type="CLASS" missed="41" covered="32"/></report>